2018-10-24 09:05:23,769 WARNING file_cache is unavailable when using oauth2client >= 4.0.0 or google-auth
Traceback (most recent call last):
  File "C:\Users\Julian\Anaconda3\lib\site-packages\googleapiclient\discovery_cache\__init__.py", line 36, in autodetect
    from google.appengine.api import memcache
ModuleNotFoundError: No module named 'google.appengine'

During handling of the above exception, another exception occurred:

Traceback (most recent call last):
  File "C:\Users\Julian\Anaconda3\lib\site-packages\googleapiclient\discovery_cache\file_cache.py", line 33, in <module>
    from oauth2client.contrib.locked_file import LockedFile
ModuleNotFoundError: No module named 'oauth2client.contrib.locked_file'

During handling of the above exception, another exception occurred:

Traceback (most recent call last):
  File "C:\Users\Julian\Anaconda3\lib\site-packages\googleapiclient\discovery_cache\file_cache.py", line 37, in <module>
    from oauth2client.locked_file import LockedFile
ModuleNotFoundError: No module named 'oauth2client.locked_file'

During handling of the above exception, another exception occurred:

Traceback (most recent call last):
  File "C:\Users\Julian\Anaconda3\lib\site-packages\googleapiclient\discovery_cache\__init__.py", line 41, in autodetect
    from . import file_cache
  File "C:\Users\Julian\Anaconda3\lib\site-packages\googleapiclient\discovery_cache\file_cache.py", line 41, in <module>
    'file_cache is unavailable when using oauth2client >= 4.0.0 or google-auth')
ImportError: file_cache is unavailable when using oauth2client >= 4.0.0 or google-auth
2018-10-24 09:05:23,770 INFO URL being requested: GET https://www.googleapis.com/discovery/v1/apis/youtube/v3/rest
2018-10-24 09:05:25,099 INFO TRACE: Calling load_data() with ('TEDx-ytt-output.csv', ['Date', 'ID']), {}
2018-10-24 09:05:25,100 INFO Loading old data from TEDx-ytt-output.csv
2018-10-24 09:05:25,114 INFO ...done!
2018-10-24 09:05:25,114 INFO TRACE: Calling get_youtube_data() with ('-NhZ4ioHb9E,-guxUgF_eTU,0NDL0AgRK0c,0qVOUD76JOg,13kgrPyNTfY,1E-QkFUAt5A,2B91UE0gHps,36186S-RsKY,3DyrDKYhSi8,3Xpj5Gj9pgo,3_ZXhYD9QJg,3uLp0C6G__w,5SDZA06wO44,5U6Cc1hmdY0,5zFOUgtiZeQ,62aI5Oy4S4g,68LGsvpn7vk,6MxbegZtAII,76pnQkP-xG4,CFHvNNcEIDo,D6_J7FfgWVc,Dbvp5LxY6Kw,EJDpbsvWdsg,FjBsr9w3-Gk,HCjBM23nQ0s,IDixuVrDABY,IdRbCJzpIAM,JR_DmkV4Jlw,KCLdryjDl6E,LQEbC8QfbyU,LjQDLg_KuJg,NG2CsLrCCY8,NQ9uWbZ285Q,NfpGHOu9TIY,O54JCIDqWwM,OE3mguWXRRU,OKQ-mpv0tWI,OiqnbYywGcI,PpiVaGPyDG4,TEQpfEb8vsE,U5DoJ_jCt7E,VxQ5R9-Jfm8,WGPQM1J7Jcw,XnQHVXMhzBo,YPMD7iNZT24,YTKgizpzmtQ,Z2TQQhTx6EQ,Zark1jrC7EU,ab_yh2HoJ7o,d_eaG5QcA_U,fkxl1hSmb28,g17OHKBm50I,gPZc1fZcgL8,gnK7Lg56DjI,gxTkm3nwIQw,iHOarnXZNqc,iaemojsQDFw,iq5SLf6xPFQ,iuIisjRIcVI,k_BVvupSChc,ke4lI_1xCrU,m-9z9M9dsq0,m4w-FV6eERI,mK6IdD4GXPo,mxbfx7YXBIo,myl722kHxbU,q5Mc26ihCXc,sRVxPE1cguo,sfgTmRiGWWE,w-QoDqBMe2k,yY4gUvVYU8Q', <googleapiclient.discovery.Resource object at 0x000001D11313DC88>), {}
2018-10-24 09:05:25,141 INFO URL being requested: GET https://www.googleapis.com/youtube/v3/videos?part=id%2Csnippet%2C+statistics&id=-NhZ4ioHb9E&key=AIzaSyCtwTLEto38mYTNtGciRwyKizhFaQv-Jcs&alt=json
2018-10-24 09:05:25,325 INFO URL being requested: GET https://www.googleapis.com/youtube/v3/videos?part=id%2Csnippet%2C+statistics&id=-guxUgF_eTU&key=AIzaSyCtwTLEto38mYTNtGciRwyKizhFaQv-Jcs&alt=json
2018-10-24 09:05:25,414 INFO URL being requested: GET https://www.googleapis.com/youtube/v3/videos?part=id%2Csnippet%2C+statistics&id=0NDL0AgRK0c&key=AIzaSyCtwTLEto38mYTNtGciRwyKizhFaQv-Jcs&alt=json
2018-10-24 09:05:25,497 INFO URL being requested: GET https://www.googleapis.com/youtube/v3/videos?part=id%2Csnippet%2C+statistics&id=0qVOUD76JOg&key=AIzaSyCtwTLEto38mYTNtGciRwyKizhFaQv-Jcs&alt=json
2018-10-24 09:05:25,575 INFO URL being requested: GET https://www.googleapis.com/youtube/v3/videos?part=id%2Csnippet%2C+statistics&id=13kgrPyNTfY&key=AIzaSyCtwTLEto38mYTNtGciRwyKizhFaQv-Jcs&alt=json
2018-10-24 09:05:25,664 INFO URL being requested: GET https://www.googleapis.com/youtube/v3/videos?part=id%2Csnippet%2C+statistics&id=1E-QkFUAt5A&key=AIzaSyCtwTLEto38mYTNtGciRwyKizhFaQv-Jcs&alt=json
2018-10-24 09:05:25,759 INFO URL being requested: GET https://www.googleapis.com/youtube/v3/videos?part=id%2Csnippet%2C+statistics&id=2B91UE0gHps&key=AIzaSyCtwTLEto38mYTNtGciRwyKizhFaQv-Jcs&alt=json
2018-10-24 09:05:25,844 INFO URL being requested: GET https://www.googleapis.com/youtube/v3/videos?part=id%2Csnippet%2C+statistics&id=36186S-RsKY&key=AIzaSyCtwTLEto38mYTNtGciRwyKizhFaQv-Jcs&alt=json
2018-10-24 09:05:25,929 INFO URL being requested: GET https://www.googleapis.com/youtube/v3/videos?part=id%2Csnippet%2C+statistics&id=3DyrDKYhSi8&key=AIzaSyCtwTLEto38mYTNtGciRwyKizhFaQv-Jcs&alt=json
2018-10-24 09:05:26,012 INFO URL being requested: GET https://www.googleapis.com/youtube/v3/videos?part=id%2Csnippet%2C+statistics&id=3Xpj5Gj9pgo&key=AIzaSyCtwTLEto38mYTNtGciRwyKizhFaQv-Jcs&alt=json
2018-10-24 09:05:26,089 INFO URL being requested: GET https://www.googleapis.com/youtube/v3/videos?part=id%2Csnippet%2C+statistics&id=3_ZXhYD9QJg&key=AIzaSyCtwTLEto38mYTNtGciRwyKizhFaQv-Jcs&alt=json
2018-10-24 09:05:26,156 INFO URL being requested: GET https://www.googleapis.com/youtube/v3/videos?part=id%2Csnippet%2C+statistics&id=3uLp0C6G__w&key=AIzaSyCtwTLEto38mYTNtGciRwyKizhFaQv-Jcs&alt=json
2018-10-24 09:05:26,231 INFO URL being requested: GET https://www.googleapis.com/youtube/v3/videos?part=id%2Csnippet%2C+statistics&id=5SDZA06wO44&key=AIzaSyCtwTLEto38mYTNtGciRwyKizhFaQv-Jcs&alt=json
2018-10-24 09:05:26,315 INFO URL being requested: GET https://www.googleapis.com/youtube/v3/videos?part=id%2Csnippet%2C+statistics&id=5U6Cc1hmdY0&key=AIzaSyCtwTLEto38mYTNtGciRwyKizhFaQv-Jcs&alt=json
2018-10-24 09:05:26,398 INFO URL being requested: GET https://www.googleapis.com/youtube/v3/videos?part=id%2Csnippet%2C+statistics&id=5zFOUgtiZeQ&key=AIzaSyCtwTLEto38mYTNtGciRwyKizhFaQv-Jcs&alt=json
2018-10-24 09:05:26,474 INFO URL being requested: GET https://www.googleapis.com/youtube/v3/videos?part=id%2Csnippet%2C+statistics&id=62aI5Oy4S4g&key=AIzaSyCtwTLEto38mYTNtGciRwyKizhFaQv-Jcs&alt=json
2018-10-24 09:05:26,552 INFO URL being requested: GET https://www.googleapis.com/youtube/v3/videos?part=id%2Csnippet%2C+statistics&id=68LGsvpn7vk&key=AIzaSyCtwTLEto38mYTNtGciRwyKizhFaQv-Jcs&alt=json
2018-10-24 09:05:26,632 INFO URL being requested: GET https://www.googleapis.com/youtube/v3/videos?part=id%2Csnippet%2C+statistics&id=6MxbegZtAII&key=AIzaSyCtwTLEto38mYTNtGciRwyKizhFaQv-Jcs&alt=json
2018-10-24 09:05:26,721 INFO URL being requested: GET https://www.googleapis.com/youtube/v3/videos?part=id%2Csnippet%2C+statistics&id=76pnQkP-xG4&key=AIzaSyCtwTLEto38mYTNtGciRwyKizhFaQv-Jcs&alt=json
2018-10-24 09:05:26,810 INFO URL being requested: GET https://www.googleapis.com/youtube/v3/videos?part=id%2Csnippet%2C+statistics&id=CFHvNNcEIDo&key=AIzaSyCtwTLEto38mYTNtGciRwyKizhFaQv-Jcs&alt=json
2018-10-24 09:05:26,885 INFO URL being requested: GET https://www.googleapis.com/youtube/v3/videos?part=id%2Csnippet%2C+statistics&id=D6_J7FfgWVc&key=AIzaSyCtwTLEto38mYTNtGciRwyKizhFaQv-Jcs&alt=json
2018-10-24 09:05:26,963 INFO URL being requested: GET https://www.googleapis.com/youtube/v3/videos?part=id%2Csnippet%2C+statistics&id=Dbvp5LxY6Kw&key=AIzaSyCtwTLEto38mYTNtGciRwyKizhFaQv-Jcs&alt=json
2018-10-24 09:05:27,035 INFO URL being requested: GET https://www.googleapis.com/youtube/v3/videos?part=id%2Csnippet%2C+statistics&id=EJDpbsvWdsg&key=AIzaSyCtwTLEto38mYTNtGciRwyKizhFaQv-Jcs&alt=json
2018-10-24 09:05:27,114 INFO URL being requested: GET https://www.googleapis.com/youtube/v3/videos?part=id%2Csnippet%2C+statistics&id=FjBsr9w3-Gk&key=AIzaSyCtwTLEto38mYTNtGciRwyKizhFaQv-Jcs&alt=json
2018-10-24 09:05:27,200 INFO URL being requested: GET https://www.googleapis.com/youtube/v3/videos?part=id%2Csnippet%2C+statistics&id=HCjBM23nQ0s&key=AIzaSyCtwTLEto38mYTNtGciRwyKizhFaQv-Jcs&alt=json
2018-10-24 09:05:27,277 INFO URL being requested: GET https://www.googleapis.com/youtube/v3/videos?part=id%2Csnippet%2C+statistics&id=IDixuVrDABY&key=AIzaSyCtwTLEto38mYTNtGciRwyKizhFaQv-Jcs&alt=json
2018-10-24 09:05:27,359 INFO URL being requested: GET https://www.googleapis.com/youtube/v3/videos?part=id%2Csnippet%2C+statistics&id=IdRbCJzpIAM&key=AIzaSyCtwTLEto38mYTNtGciRwyKizhFaQv-Jcs&alt=json
2018-10-24 09:05:27,447 INFO URL being requested: GET https://www.googleapis.com/youtube/v3/videos?part=id%2Csnippet%2C+statistics&id=JR_DmkV4Jlw&key=AIzaSyCtwTLEto38mYTNtGciRwyKizhFaQv-Jcs&alt=json
2018-10-24 09:05:27,528 INFO URL being requested: GET https://www.googleapis.com/youtube/v3/videos?part=id%2Csnippet%2C+statistics&id=KCLdryjDl6E&key=AIzaSyCtwTLEto38mYTNtGciRwyKizhFaQv-Jcs&alt=json
2018-10-24 09:05:27,608 INFO URL being requested: GET https://www.googleapis.com/youtube/v3/videos?part=id%2Csnippet%2C+statistics&id=LQEbC8QfbyU&key=AIzaSyCtwTLEto38mYTNtGciRwyKizhFaQv-Jcs&alt=json
2018-10-24 09:05:27,690 INFO URL being requested: GET https://www.googleapis.com/youtube/v3/videos?part=id%2Csnippet%2C+statistics&id=LjQDLg_KuJg&key=AIzaSyCtwTLEto38mYTNtGciRwyKizhFaQv-Jcs&alt=json
2018-10-24 09:05:27,768 INFO URL being requested: GET https://www.googleapis.com/youtube/v3/videos?part=id%2Csnippet%2C+statistics&id=NG2CsLrCCY8&key=AIzaSyCtwTLEto38mYTNtGciRwyKizhFaQv-Jcs&alt=json
2018-10-24 09:05:27,846 INFO URL being requested: GET https://www.googleapis.com/youtube/v3/videos?part=id%2Csnippet%2C+statistics&id=NQ9uWbZ285Q&key=AIzaSyCtwTLEto38mYTNtGciRwyKizhFaQv-Jcs&alt=json
2018-10-24 09:05:27,928 INFO URL being requested: GET https://www.googleapis.com/youtube/v3/videos?part=id%2Csnippet%2C+statistics&id=NfpGHOu9TIY&key=AIzaSyCtwTLEto38mYTNtGciRwyKizhFaQv-Jcs&alt=json
2018-10-24 09:05:28,006 INFO URL being requested: GET https://www.googleapis.com/youtube/v3/videos?part=id%2Csnippet%2C+statistics&id=O54JCIDqWwM&key=AIzaSyCtwTLEto38mYTNtGciRwyKizhFaQv-Jcs&alt=json
2018-10-24 09:05:28,090 INFO URL being requested: GET https://www.googleapis.com/youtube/v3/videos?part=id%2Csnippet%2C+statistics&id=OE3mguWXRRU&key=AIzaSyCtwTLEto38mYTNtGciRwyKizhFaQv-Jcs&alt=json
2018-10-24 09:05:28,170 INFO URL being requested: GET https://www.googleapis.com/youtube/v3/videos?part=id%2Csnippet%2C+statistics&id=OKQ-mpv0tWI&key=AIzaSyCtwTLEto38mYTNtGciRwyKizhFaQv-Jcs&alt=json
2018-10-24 09:05:28,252 INFO URL being requested: GET https://www.googleapis.com/youtube/v3/videos?part=id%2Csnippet%2C+statistics&id=OiqnbYywGcI&key=AIzaSyCtwTLEto38mYTNtGciRwyKizhFaQv-Jcs&alt=json
2018-10-24 09:05:28,328 INFO URL being requested: GET https://www.googleapis.com/youtube/v3/videos?part=id%2Csnippet%2C+statistics&id=PpiVaGPyDG4&key=AIzaSyCtwTLEto38mYTNtGciRwyKizhFaQv-Jcs&alt=json
2018-10-24 09:05:28,402 INFO URL being requested: GET https://www.googleapis.com/youtube/v3/videos?part=id%2Csnippet%2C+statistics&id=TEQpfEb8vsE&key=AIzaSyCtwTLEto38mYTNtGciRwyKizhFaQv-Jcs&alt=json
2018-10-24 09:05:28,485 INFO URL being requested: GET https://www.googleapis.com/youtube/v3/videos?part=id%2Csnippet%2C+statistics&id=U5DoJ_jCt7E&key=AIzaSyCtwTLEto38mYTNtGciRwyKizhFaQv-Jcs&alt=json
2018-10-24 09:05:28,573 INFO URL being requested: GET https://www.googleapis.com/youtube/v3/videos?part=id%2Csnippet%2C+statistics&id=VxQ5R9-Jfm8&key=AIzaSyCtwTLEto38mYTNtGciRwyKizhFaQv-Jcs&alt=json
2018-10-24 09:05:28,656 INFO URL being requested: GET https://www.googleapis.com/youtube/v3/videos?part=id%2Csnippet%2C+statistics&id=WGPQM1J7Jcw&key=AIzaSyCtwTLEto38mYTNtGciRwyKizhFaQv-Jcs&alt=json
2018-10-24 09:05:28,731 INFO URL being requested: GET https://www.googleapis.com/youtube/v3/videos?part=id%2Csnippet%2C+statistics&id=XnQHVXMhzBo&key=AIzaSyCtwTLEto38mYTNtGciRwyKizhFaQv-Jcs&alt=json
2018-10-24 09:05:28,817 INFO URL being requested: GET https://www.googleapis.com/youtube/v3/videos?part=id%2Csnippet%2C+statistics&id=YPMD7iNZT24&key=AIzaSyCtwTLEto38mYTNtGciRwyKizhFaQv-Jcs&alt=json
2018-10-24 09:05:28,901 INFO URL being requested: GET https://www.googleapis.com/youtube/v3/videos?part=id%2Csnippet%2C+statistics&id=YTKgizpzmtQ&key=AIzaSyCtwTLEto38mYTNtGciRwyKizhFaQv-Jcs&alt=json
2018-10-24 09:05:28,983 INFO URL being requested: GET https://www.googleapis.com/youtube/v3/videos?part=id%2Csnippet%2C+statistics&id=Z2TQQhTx6EQ&key=AIzaSyCtwTLEto38mYTNtGciRwyKizhFaQv-Jcs&alt=json
2018-10-24 09:05:29,098 INFO URL being requested: GET https://www.googleapis.com/youtube/v3/videos?part=id%2Csnippet%2C+statistics&id=Zark1jrC7EU&key=AIzaSyCtwTLEto38mYTNtGciRwyKizhFaQv-Jcs&alt=json
2018-10-24 09:05:29,176 INFO URL being requested: GET https://www.googleapis.com/youtube/v3/videos?part=id%2Csnippet%2C+statistics&id=ab_yh2HoJ7o&key=AIzaSyCtwTLEto38mYTNtGciRwyKizhFaQv-Jcs&alt=json
2018-10-24 09:05:29,250 INFO URL being requested: GET https://www.googleapis.com/youtube/v3/videos?part=id%2Csnippet%2C+statistics&id=d_eaG5QcA_U&key=AIzaSyCtwTLEto38mYTNtGciRwyKizhFaQv-Jcs&alt=json
2018-10-24 09:05:29,334 INFO URL being requested: GET https://www.googleapis.com/youtube/v3/videos?part=id%2Csnippet%2C+statistics&id=fkxl1hSmb28&key=AIzaSyCtwTLEto38mYTNtGciRwyKizhFaQv-Jcs&alt=json
2018-10-24 09:05:29,417 INFO URL being requested: GET https://www.googleapis.com/youtube/v3/videos?part=id%2Csnippet%2C+statistics&id=g17OHKBm50I&key=AIzaSyCtwTLEto38mYTNtGciRwyKizhFaQv-Jcs&alt=json
2018-10-24 09:05:29,490 INFO URL being requested: GET https://www.googleapis.com/youtube/v3/videos?part=id%2Csnippet%2C+statistics&id=gPZc1fZcgL8&key=AIzaSyCtwTLEto38mYTNtGciRwyKizhFaQv-Jcs&alt=json
2018-10-24 09:05:29,585 INFO URL being requested: GET https://www.googleapis.com/youtube/v3/videos?part=id%2Csnippet%2C+statistics&id=gnK7Lg56DjI&key=AIzaSyCtwTLEto38mYTNtGciRwyKizhFaQv-Jcs&alt=json
2018-10-24 09:05:29,670 INFO URL being requested: GET https://www.googleapis.com/youtube/v3/videos?part=id%2Csnippet%2C+statistics&id=gxTkm3nwIQw&key=AIzaSyCtwTLEto38mYTNtGciRwyKizhFaQv-Jcs&alt=json
2018-10-24 09:05:29,746 INFO URL being requested: GET https://www.googleapis.com/youtube/v3/videos?part=id%2Csnippet%2C+statistics&id=iHOarnXZNqc&key=AIzaSyCtwTLEto38mYTNtGciRwyKizhFaQv-Jcs&alt=json
2018-10-24 09:05:29,837 INFO URL being requested: GET https://www.googleapis.com/youtube/v3/videos?part=id%2Csnippet%2C+statistics&id=iaemojsQDFw&key=AIzaSyCtwTLEto38mYTNtGciRwyKizhFaQv-Jcs&alt=json
2018-10-24 09:05:29,933 INFO URL being requested: GET https://www.googleapis.com/youtube/v3/videos?part=id%2Csnippet%2C+statistics&id=iq5SLf6xPFQ&key=AIzaSyCtwTLEto38mYTNtGciRwyKizhFaQv-Jcs&alt=json
2018-10-24 09:05:30,006 INFO URL being requested: GET https://www.googleapis.com/youtube/v3/videos?part=id%2Csnippet%2C+statistics&id=iuIisjRIcVI&key=AIzaSyCtwTLEto38mYTNtGciRwyKizhFaQv-Jcs&alt=json
2018-10-24 09:05:30,087 INFO URL being requested: GET https://www.googleapis.com/youtube/v3/videos?part=id%2Csnippet%2C+statistics&id=k_BVvupSChc&key=AIzaSyCtwTLEto38mYTNtGciRwyKizhFaQv-Jcs&alt=json
2018-10-24 09:05:30,166 INFO URL being requested: GET https://www.googleapis.com/youtube/v3/videos?part=id%2Csnippet%2C+statistics&id=ke4lI_1xCrU&key=AIzaSyCtwTLEto38mYTNtGciRwyKizhFaQv-Jcs&alt=json
2018-10-24 09:05:30,252 INFO URL being requested: GET https://www.googleapis.com/youtube/v3/videos?part=id%2Csnippet%2C+statistics&id=m-9z9M9dsq0&key=AIzaSyCtwTLEto38mYTNtGciRwyKizhFaQv-Jcs&alt=json
2018-10-24 09:05:30,333 INFO URL being requested: GET https://www.googleapis.com/youtube/v3/videos?part=id%2Csnippet%2C+statistics&id=m4w-FV6eERI&key=AIzaSyCtwTLEto38mYTNtGciRwyKizhFaQv-Jcs&alt=json
2018-10-24 09:05:30,441 INFO URL being requested: GET https://www.googleapis.com/youtube/v3/videos?part=id%2Csnippet%2C+statistics&id=mK6IdD4GXPo&key=AIzaSyCtwTLEto38mYTNtGciRwyKizhFaQv-Jcs&alt=json
2018-10-24 09:05:30,551 INFO URL being requested: GET https://www.googleapis.com/youtube/v3/videos?part=id%2Csnippet%2C+statistics&id=mxbfx7YXBIo&key=AIzaSyCtwTLEto38mYTNtGciRwyKizhFaQv-Jcs&alt=json
2018-10-24 09:05:30,637 INFO URL being requested: GET https://www.googleapis.com/youtube/v3/videos?part=id%2Csnippet%2C+statistics&id=myl722kHxbU&key=AIzaSyCtwTLEto38mYTNtGciRwyKizhFaQv-Jcs&alt=json
2018-10-24 09:05:30,728 INFO URL being requested: GET https://www.googleapis.com/youtube/v3/videos?part=id%2Csnippet%2C+statistics&id=q5Mc26ihCXc&key=AIzaSyCtwTLEto38mYTNtGciRwyKizhFaQv-Jcs&alt=json
2018-10-24 09:05:30,808 INFO URL being requested: GET https://www.googleapis.com/youtube/v3/videos?part=id%2Csnippet%2C+statistics&id=sRVxPE1cguo&key=AIzaSyCtwTLEto38mYTNtGciRwyKizhFaQv-Jcs&alt=json
2018-10-24 09:05:30,897 INFO URL being requested: GET https://www.googleapis.com/youtube/v3/videos?part=id%2Csnippet%2C+statistics&id=sfgTmRiGWWE&key=AIzaSyCtwTLEto38mYTNtGciRwyKizhFaQv-Jcs&alt=json
2018-10-24 09:05:30,974 INFO URL being requested: GET https://www.googleapis.com/youtube/v3/videos?part=id%2Csnippet%2C+statistics&id=w-QoDqBMe2k&key=AIzaSyCtwTLEto38mYTNtGciRwyKizhFaQv-Jcs&alt=json
2018-10-24 09:05:31,048 INFO URL being requested: GET https://www.googleapis.com/youtube/v3/videos?part=id%2Csnippet%2C+statistics&id=yY4gUvVYU8Q&key=AIzaSyCtwTLEto38mYTNtGciRwyKizhFaQv-Jcs&alt=json
2018-10-24 09:05:31,138 INFO TRACE: Calling load_data() with ('TEDx-ytt-statistics.csv', ['Date', 'Metric']), {}
2018-10-24 09:05:31,139 INFO Loading old data from TEDx-ytt-statistics.csv
2018-10-24 09:05:31,142 INFO ...done!
2018-10-24 09:05:31,161 INFO TRACE: Calling calc_stats() with (                       Comment Count Dislikes Favourite Count  Likes  \
Date       ID                                                          
2018-10-24 -NhZ4ioHb9E             0        0               0     14   
           -guxUgF_eTU             3        7               0     55   
           0NDL0AgRK0c             1        0               0     19   
           0qVOUD76JOg           122       66               0   3132   
           13kgrPyNTfY             0        1               0      6   
           1E-QkFUAt5A             1        0               0     19   
           2B91UE0gHps             0        0               0      3   
           36186S-RsKY             9        4               0    105   
           3DyrDKYhSi8             0        3               0    118   
           3Xpj5Gj9pgo             0        0               0     33   
           3_ZXhYD9QJg             0        1               0      8   
           3uLp0C6G__w           205       45               0   1353   
           5SDZA06wO44             1        1               0     10   
           5U6Cc1hmdY0             2        3               0     56   
           5zFOUgtiZeQ             0        0               0      3   
           62aI5Oy4S4g             4        1               0     28   
           68LGsvpn7vk             0        0               0      1   
           6MxbegZtAII             3        0               0     18   
           76pnQkP-xG4             1        0               0     64   
           CFHvNNcEIDo             0        0               0      9   
           D6_J7FfgWVc            80      241               0   3354   
           Dbvp5LxY6Kw             0        0               0      2   
           EJDpbsvWdsg           114      213               0   1019   
           FjBsr9w3-Gk             1        1               0     25   
           HCjBM23nQ0s             2        2               0     73   
           IDixuVrDABY             1        4               0    122   
           IdRbCJzpIAM             0        0               0      0   
           JR_DmkV4Jlw             0        0               0     49   
           KCLdryjDl6E            83      189               0   3793   
           LQEbC8QfbyU             3       15               0     90   
...                              ...      ...             ...    ...   
           VxQ5R9-Jfm8             0        0               0      0   
           WGPQM1J7Jcw             7        4               0     70   
           XnQHVXMhzBo            13        4               0    185   
           YPMD7iNZT24             0        0               0      6   
           YTKgizpzmtQ             1        3               0     13   
           Z2TQQhTx6EQ             3        0               0     36   
           Zark1jrC7EU             2        0               0     19   
           ab_yh2HoJ7o             4       14               0     49   
           d_eaG5QcA_U             0        0               0      6   
           fkxl1hSmb28             0        0               0     19   
           g17OHKBm50I             0        0               0      2   
           gPZc1fZcgL8             4        5               0     19   
           gnK7Lg56DjI             0        0               0     21   
           gxTkm3nwIQw             0        0               0     12   
           iHOarnXZNqc             0        0               0      3   
           iaemojsQDFw             1        1               0     25   
           iq5SLf6xPFQ           555       81               0  16021   
           iuIisjRIcVI            79      154               0   4236   
           k_BVvupSChc            41       17               0    176   
           ke4lI_1xCrU             2        4               0     17   
           m-9z9M9dsq0             0        0               0      3   
           m4w-FV6eERI             0        0               0     30   
           mK6IdD4GXPo             4        2               0    361   
           mxbfx7YXBIo             0        0               0      9   
           myl722kHxbU            15        3               0    138   
           q5Mc26ihCXc             0        0               0      2   
           sRVxPE1cguo             4        1               0     70   
           sfgTmRiGWWE             0        0               0      1   
           w-QoDqBMe2k             1        3               0     78   
           yY4gUvVYU8Q             0        0               0      1   

                                    Published on  \
Date       ID                                      
2018-10-24 -NhZ4ioHb9E  2018-02-21T21:53:10.000Z   
           -guxUgF_eTU  2015-12-22T18:36:24.000Z   
           0NDL0AgRK0c  2018-02-21T21:53:50.000Z   
           0qVOUD76JOg  2015-12-07T19:46:38.000Z   
           13kgrPyNTfY  2018-09-30T09:45:00.000Z   
           1E-QkFUAt5A  2018-09-08T15:30:00.000Z   
           2B91UE0gHps  2017-02-14T15:28:51.000Z   
           36186S-RsKY  2016-01-29T16:28:55.000Z   
           3DyrDKYhSi8  2015-12-14T18:43:42.000Z   
           3Xpj5Gj9pgo  2016-01-18T18:34:08.000Z   
           3_ZXhYD9QJg  2015-12-01T16:39:38.000Z   
           3uLp0C6G__w  2017-02-10T17:11:15.000Z   
           5SDZA06wO44  2016-01-25T19:41:49.000Z   
           5U6Cc1hmdY0  2015-12-18T15:51:53.000Z   
           5zFOUgtiZeQ  2015-07-31T22:10:44.000Z   
           62aI5Oy4S4g  2018-02-21T21:48:51.000Z   
           68LGsvpn7vk  2018-01-17T23:18:07.000Z   
           6MxbegZtAII  2017-02-10T17:11:18.000Z   
           76pnQkP-xG4  2017-02-10T17:11:17.000Z   
           CFHvNNcEIDo  2017-02-14T15:28:52.000Z   
           D6_J7FfgWVc  2018-02-21T21:50:47.000Z   
           Dbvp5LxY6Kw  2017-09-25T16:00:02.000Z   
           EJDpbsvWdsg  2017-02-14T15:28:53.000Z   
           FjBsr9w3-Gk  2016-10-05T20:08:36.000Z   
           HCjBM23nQ0s  2016-01-08T21:08:32.000Z   
           IDixuVrDABY  2014-07-23T18:55:18.000Z   
           IdRbCJzpIAM  2018-10-02T08:19:26.000Z   
           JR_DmkV4Jlw  2014-07-25T22:15:03.000Z   
           KCLdryjDl6E  2017-02-10T17:11:16.000Z   
           LQEbC8QfbyU  2014-07-25T22:15:03.000Z   
...                                          ...   
           VxQ5R9-Jfm8  2018-01-24T20:39:47.000Z   
           WGPQM1J7Jcw  2018-02-21T21:55:30.000Z   
           XnQHVXMhzBo  2016-01-05T16:34:27.000Z   
           YPMD7iNZT24  2016-07-17T10:53:38.000Z   
           YTKgizpzmtQ  2014-07-23T18:55:49.000Z   
           Z2TQQhTx6EQ  2016-01-12T20:04:05.000Z   
           Zark1jrC7EU  2014-07-23T18:55:49.000Z   
           ab_yh2HoJ7o  2017-02-10T17:11:20.000Z   
           d_eaG5QcA_U  2015-05-25T21:18:34.000Z   
           fkxl1hSmb28  2016-04-24T08:22:28.000Z   
           g17OHKBm50I  2018-02-21T21:48:18.000Z   
           gPZc1fZcgL8  2015-12-09T22:29:50.000Z   
           gnK7Lg56DjI  2016-01-03T06:04:47.000Z   
           gxTkm3nwIQw  2016-06-26T12:02:46.000Z   
           iHOarnXZNqc  2017-10-15T10:28:24.000Z   
           iaemojsQDFw  2018-02-21T21:54:07.000Z   
           iq5SLf6xPFQ  2018-02-21T21:46:59.000Z   
           iuIisjRIcVI  2017-02-09T19:43:41.000Z   
           k_BVvupSChc  2018-02-21T21:54:28.000Z   
           ke4lI_1xCrU  2014-07-25T22:15:03.000Z   
           m-9z9M9dsq0  2018-02-22T09:05:14.000Z   
           m4w-FV6eERI  2017-02-17T17:48:43.000Z   
           mK6IdD4GXPo  2015-12-29T19:05:20.000Z   
           mxbfx7YXBIo  2018-02-22T09:05:14.000Z   
           myl722kHxbU  2015-12-26T20:36:51.000Z   
           q5Mc26ihCXc  2015-08-16T14:50:17.000Z   
           sRVxPE1cguo  2016-02-02T21:04:07.000Z   
           sfgTmRiGWWE  2018-02-11T20:44:06.000Z   
           w-QoDqBMe2k  2017-02-10T19:55:43.000Z   
           yY4gUvVYU8Q  2016-06-19T12:02:51.000Z   

                                                                     Tags  \
Date       ID                                                               
2018-10-24 -NhZ4ioHb9E  TEDxTalks,English,Global Issues,Activism,Anima...   
           -guxUgF_eTU  TEDxTalks,English,Germany,Entertainment,Art,Co...   
           0NDL0AgRK0c  TEDxTalks,English,Technology,Computers,Future,...   
           0qVOUD76JOg  TEDxTalks,English,Germany,Technology,AI,Art,Co...   
           13kgrPyNTfY  TEDxTUM,TEDx,Technology,Entertainment,Design,C...   
           1E-QkFUAt5A  TEDxTalks,English,Science (hard),Biology,Chemi...   
           2B91UE0gHps       TEDxTalks,English,Germany,Entertainment,Band   
           36186S-RsKY  TEDxTalks,English,Germany,Design,Classroom,Dat...   
           3DyrDKYhSi8  TEDxTalks,English,Germany,Business,Communicati...   
           3Xpj5Gj9pgo  TEDxTalks,English,Germany,Social Science,Behav...   
           3_ZXhYD9QJg  TEDxTUM,TUM,TED,TEDx,FACETS,TEDxTUM2015,IdeasW...   
           3uLp0C6G__w  TEDxTalks,English,Germany,Science (hard),Anima...   
           5SDZA06wO44  TEDxTalks,English,Germany,Entertainment,Art,Cr...   
           5U6Cc1hmdY0  TEDxTalks,English,Germany,Science (hard),Big p...   
           5zFOUgtiZeQ                                            TEDxTUM   
           62aI5Oy4S4g  TEDxTalks,English,Global Issues,Activism,Caree...   
           68LGsvpn7vk           ted,tedx,ideas,ted talks,public speaking   
           6MxbegZtAII  TEDxTalks,English,Germany,Art,Adventure,Arts e...   
           76pnQkP-xG4  TEDxTalks,English,Germany,Technology,Big Data,...   
           CFHvNNcEIDo  TEDxTalks,English,Germany,Entertainment,Dance ...   
           D6_J7FfgWVc  TEDxTalks,English,Life,Community,Compassion,Em...   
           Dbvp5LxY6Kw  tedx,ted talks,ted,carl sagan,technology,desig...   
           EJDpbsvWdsg  TEDxTalks,English,Germany,Entertainment,Aging,...   
           FjBsr9w3-Gk  ted talks,tedx,ideas,inspiration,tu munich,sci...   
           HCjBM23nQ0s  TEDxTalks,English,Germany,Technology,AI,Cognit...   
           IDixuVrDABY  Business,Germany,ted x,ted,English,tedx,Career...   
           IdRbCJzpIAM                       TED,TEDxTUM,Music,Orchestral   
           JR_DmkV4Jlw  English,Germany,Computer Science,ted talk,Life...   
           KCLdryjDl6E  TEDxTalks,English,Germany,Education,Consciousn...   
           LQEbC8QfbyU  TEDxTalks,ted talk,Computer Science,Germany,te...   
...                                                                   ...   
           VxQ5R9-Jfm8  Dokumentation,Doku,Dokumentarfilm,Reportage,TV...   
           WGPQM1J7Jcw  TEDxTalks,English,Science (hard),Exploration,P...   
           XnQHVXMhzBo  TEDxTalks,English,Germany,Entertainment,Medita...   
           YPMD7iNZT24  TED Talks,TEDx,Technische Universität München,...   
           YTKgizpzmtQ  Humanities,ted,Social Justice,Sociology,Medici...   
           Z2TQQhTx6EQ  TEDxTalks,English,Germany,Life,Choice,Compassi...   
           Zark1jrC7EU  ted,Health,tedx,ted x,Science (hard),tedx talk...   
           ab_yh2HoJ7o  TEDxTalks,English,Germany,Technology,Aging,Bio...   
           d_eaG5QcA_U                                tedx,tu münchen,tum   
           fkxl1hSmb28  ted,tedx,funny,comedy,sketch,tum,technische un...   
           g17OHKBm50I  TEDxTalks,English,Technology,Computers,Design,...   
           gPZc1fZcgL8  TEDxTalks,English,Germany,Global Issues,Activi...   
           gnK7Lg56DjI  TEDxTalks,English,Germany,Health,Activism,Big ...   
           gxTkm3nwIQw                                            N,O,N,E   
           iHOarnXZNqc  ted talks,tedx,ideas,inspiration,tu munich,tum...   
           iaemojsQDFw  TEDxTalks,English,Life,Cancer,Communication,Co...   
           iq5SLf6xPFQ  TEDxTalks,English,Life,Career,Exploration,Life...   
           iuIisjRIcVI  TEDxTalks,English,Germany,Life,Achievement,Ant...   
           k_BVvupSChc  TEDxTalks,English,Science (hard),AIDS,Future,G...   
           ke4lI_1xCrU  English,Germany,ted talk,Global Issues,Social ...   
           m-9z9M9dsq0  tedx,tedxtum,music,performance,poetry,violin,b...   
           m4w-FV6eERI  TEDxTalks,English,Germany,Science (hard),Brain...   
           mK6IdD4GXPo  TEDxTalks,English,Germany,Global Issues,Activi...   
           mxbfx7YXBIo     tedx,tedxtum,comedy,performance,improv,ukulele   
           myl722kHxbU  TEDxTalks,English,Germany,Life,Change,Communit...   
           q5Mc26ihCXc  TED,TEDx,TEDxTUM,TUM,Technical University Of M...   
           sRVxPE1cguo  TEDxTalks,English,Germany,Art,Brand,Communicat...   
           sfgTmRiGWWE        TEDx,TEDxTUM,TUM,Munich,Ideasworthspreading   
           w-QoDqBMe2k  TEDxTalks,English,Germany,Technology,3D Techno...   
           yY4gUvVYU8Q                                            N,O,N,E   

                                                               Thumbnail  \
Date       ID                                                              
2018-10-24 -NhZ4ioHb9E  https://i.ytimg.com/vi/-NhZ4ioHb9E/mqdefault.jpg   
           -guxUgF_eTU  https://i.ytimg.com/vi/-guxUgF_eTU/mqdefault.jpg   
           0NDL0AgRK0c  https://i.ytimg.com/vi/0NDL0AgRK0c/mqdefault.jpg   
           0qVOUD76JOg  https://i.ytimg.com/vi/0qVOUD76JOg/mqdefault.jpg   
           13kgrPyNTfY  https://i.ytimg.com/vi/13kgrPyNTfY/mqdefault.jpg   
           1E-QkFUAt5A  https://i.ytimg.com/vi/1E-QkFUAt5A/mqdefault.jpg   
           2B91UE0gHps  https://i.ytimg.com/vi/2B91UE0gHps/mqdefault.jpg   
           36186S-RsKY  https://i.ytimg.com/vi/36186S-RsKY/mqdefault.jpg   
           3DyrDKYhSi8  https://i.ytimg.com/vi/3DyrDKYhSi8/mqdefault.jpg   
           3Xpj5Gj9pgo  https://i.ytimg.com/vi/3Xpj5Gj9pgo/mqdefault.jpg   
           3_ZXhYD9QJg  https://i.ytimg.com/vi/3_ZXhYD9QJg/mqdefault.jpg   
           3uLp0C6G__w  https://i.ytimg.com/vi/3uLp0C6G__w/mqdefault.jpg   
           5SDZA06wO44  https://i.ytimg.com/vi/5SDZA06wO44/mqdefault.jpg   
           5U6Cc1hmdY0  https://i.ytimg.com/vi/5U6Cc1hmdY0/mqdefault.jpg   
           5zFOUgtiZeQ  https://i.ytimg.com/vi/5zFOUgtiZeQ/mqdefault.jpg   
           62aI5Oy4S4g  https://i.ytimg.com/vi/62aI5Oy4S4g/mqdefault.jpg   
           68LGsvpn7vk  https://i.ytimg.com/vi/68LGsvpn7vk/mqdefault.jpg   
           6MxbegZtAII  https://i.ytimg.com/vi/6MxbegZtAII/mqdefault.jpg   
           76pnQkP-xG4  https://i.ytimg.com/vi/76pnQkP-xG4/mqdefault.jpg   
           CFHvNNcEIDo  https://i.ytimg.com/vi/CFHvNNcEIDo/mqdefault.jpg   
           D6_J7FfgWVc  https://i.ytimg.com/vi/D6_J7FfgWVc/mqdefault.jpg   
           Dbvp5LxY6Kw  https://i.ytimg.com/vi/Dbvp5LxY6Kw/mqdefault.jpg   
           EJDpbsvWdsg  https://i.ytimg.com/vi/EJDpbsvWdsg/mqdefault.jpg   
           FjBsr9w3-Gk  https://i.ytimg.com/vi/FjBsr9w3-Gk/mqdefault.jpg   
           HCjBM23nQ0s  https://i.ytimg.com/vi/HCjBM23nQ0s/mqdefault.jpg   
           IDixuVrDABY  https://i.ytimg.com/vi/IDixuVrDABY/mqdefault.jpg   
           IdRbCJzpIAM  https://i.ytimg.com/vi/IdRbCJzpIAM/mqdefault.jpg   
           JR_DmkV4Jlw  https://i.ytimg.com/vi/JR_DmkV4Jlw/mqdefault.jpg   
           KCLdryjDl6E  https://i.ytimg.com/vi/KCLdryjDl6E/mqdefault.jpg   
           LQEbC8QfbyU  https://i.ytimg.com/vi/LQEbC8QfbyU/mqdefault.jpg   
...                                                                  ...   
           VxQ5R9-Jfm8  https://i.ytimg.com/vi/VxQ5R9-Jfm8/mqdefault.jpg   
           WGPQM1J7Jcw  https://i.ytimg.com/vi/WGPQM1J7Jcw/mqdefault.jpg   
           XnQHVXMhzBo  https://i.ytimg.com/vi/XnQHVXMhzBo/mqdefault.jpg   
           YPMD7iNZT24  https://i.ytimg.com/vi/YPMD7iNZT24/mqdefault.jpg   
           YTKgizpzmtQ  https://i.ytimg.com/vi/YTKgizpzmtQ/mqdefault.jpg   
           Z2TQQhTx6EQ  https://i.ytimg.com/vi/Z2TQQhTx6EQ/mqdefault.jpg   
           Zark1jrC7EU  https://i.ytimg.com/vi/Zark1jrC7EU/mqdefault.jpg   
           ab_yh2HoJ7o  https://i.ytimg.com/vi/ab_yh2HoJ7o/mqdefault.jpg   
           d_eaG5QcA_U  https://i.ytimg.com/vi/d_eaG5QcA_U/mqdefault.jpg   
           fkxl1hSmb28  https://i.ytimg.com/vi/fkxl1hSmb28/mqdefault.jpg   
           g17OHKBm50I  https://i.ytimg.com/vi/g17OHKBm50I/mqdefault.jpg   
           gPZc1fZcgL8  https://i.ytimg.com/vi/gPZc1fZcgL8/mqdefault.jpg   
           gnK7Lg56DjI  https://i.ytimg.com/vi/gnK7Lg56DjI/mqdefault.jpg   
           gxTkm3nwIQw  https://i.ytimg.com/vi/gxTkm3nwIQw/mqdefault.jpg   
           iHOarnXZNqc  https://i.ytimg.com/vi/iHOarnXZNqc/mqdefault.jpg   
           iaemojsQDFw  https://i.ytimg.com/vi/iaemojsQDFw/mqdefault.jpg   
           iq5SLf6xPFQ  https://i.ytimg.com/vi/iq5SLf6xPFQ/mqdefault.jpg   
           iuIisjRIcVI  https://i.ytimg.com/vi/iuIisjRIcVI/mqdefault.jpg   
           k_BVvupSChc  https://i.ytimg.com/vi/k_BVvupSChc/mqdefault.jpg   
           ke4lI_1xCrU  https://i.ytimg.com/vi/ke4lI_1xCrU/mqdefault.jpg   
           m-9z9M9dsq0  https://i.ytimg.com/vi/m-9z9M9dsq0/mqdefault.jpg   
           m4w-FV6eERI  https://i.ytimg.com/vi/m4w-FV6eERI/mqdefault.jpg   
           mK6IdD4GXPo  https://i.ytimg.com/vi/mK6IdD4GXPo/mqdefault.jpg   
           mxbfx7YXBIo  https://i.ytimg.com/vi/mxbfx7YXBIo/mqdefault.jpg   
           myl722kHxbU  https://i.ytimg.com/vi/myl722kHxbU/mqdefault.jpg   
           q5Mc26ihCXc  https://i.ytimg.com/vi/q5Mc26ihCXc/mqdefault.jpg   
           sRVxPE1cguo  https://i.ytimg.com/vi/sRVxPE1cguo/mqdefault.jpg   
           sfgTmRiGWWE  https://i.ytimg.com/vi/sfgTmRiGWWE/mqdefault.jpg   
           w-QoDqBMe2k  https://i.ytimg.com/vi/w-QoDqBMe2k/mqdefault.jpg   
           yY4gUvVYU8Q  https://i.ytimg.com/vi/yY4gUvVYU8Q/mqdefault.jpg   

                                                                    Title  \
Date       ID                                                               
2018-10-24 -NhZ4ioHb9E  Loss of a Species – A Giant, Extinct | Thomas ...   
           -guxUgF_eTU          Live Improv Theater | Bake This | TEDxTUM   
           0NDL0AgRK0c  Deep Learning Beyond Cats and Dogs | Nils Thue...   
           0qVOUD76JOg   The art of neural networks | Mike Tyka | TEDxTUM   
           13kgrPyNTfY                 TEDxTUM 2018: Conscious Reflection   
           1E-QkFUAt5A  Molecular machines of the future | Hendrik Die...   
           2B91UE0gHps      Acoustic Performance | Peak to Peak | TEDxTUM   
           36186S-RsKY  Why data should be over-the-counter | Jenny Ra...   
           3DyrDKYhSi8  The natural way of managing leaders | Erik Rin...   
           3Xpj5Gj9pgo  What virtual reality can tell us about human n...   
           3_ZXhYD9QJg  Jenny Rankin Speed Lists all 50 US States | TE...   
           3uLp0C6G__w  The fascinating intelligence of birds | August...   
           5SDZA06wO44  Contemporary Ballet | Munich International Bal...   
           5U6Cc1hmdY0  A question of survival: Why we hunted the Higg...   
           5zFOUgtiZeQ                          TEDxTUM Whisper Challenge   
           62aI5Oy4S4g  The Glue That Holds Society Together | Jürgen ...   
           68LGsvpn7vk                Q&A Between Sessions | TEDxTUM 2017   
           6MxbegZtAII  Create a universe out of a single line | Simon...   
           76pnQkP-xG4  A vision of the responsive city of the future ...   
           CFHvNNcEIDo  Contemporary & Jazz Dance | Alina Groder & Sun...   
           D6_J7FfgWVc  6 Steps to Improve Your Emotional Intelligence...   
           Dbvp5LxY6Kw                                Starstuff | TEDxTUM   
           EJDpbsvWdsg  Born in Ireland, made in Germany | Mel Kelly |...   
           FjBsr9w3-Gk                           TEDxTUM 2016 - Entelechy   
           HCjBM23nQ0s  Robots that learn from us | Dongheui Lee | TED...   
           IDixuVrDABY  How do we learn from failure? | Dean Shepherd ...   
           IdRbCJzpIAM         TEDxTUM: Conscious Reflection (Music only)   
           JR_DmkV4Jlw   Design beyond the shape | Benoit Jacob | TEDxTUM   
           KCLdryjDl6E  Memory techniques - Your secret weapon in the ...   
           LQEbC8QfbyU  Robots with muscles: inspired by nature | Rafa...   
...                                                                   ...   
           VxQ5R9-Jfm8  The fascinating intelligence of birds | August...   
           WGPQM1J7Jcw  What Is Inside a Neutron Star? | Laura Fabbiet...   
           XnQHVXMhzBo                    Opus Epicus | Mandara | TEDxTUM   
           YPMD7iNZT24                      finding eXploration | TEDxTUM   
           YTKgizpzmtQ  There can be no human 2.0 without a humanity 2...   
           Z2TQQhTx6EQ  What I do to live the life I want | Petra Dorf...   
           Zark1jrC7EU  Personalized health -- harnessing the power of...   
           ab_yh2HoJ7o  Building our future with synthetic biology | J...   
           d_eaG5QcA_U                          Team Event | TEDxTUM 2015   
           fkxl1hSmb28                         The Speaker | TEDxTUM 2016   
           g17OHKBm50I  Less queuing, more safety - the power of crowd...   
           gPZc1fZcgL8  Refugees - a homemade challenge | Melusine Rei...   
           gnK7Lg56DjI  How patient innovation improves lives | Pedro ...   
           gxTkm3nwIQw                       finding eXpression | TEDxTUM   
           iHOarnXZNqc           TEDxTUM 2017 - Re-formations of tomorrow   
           iaemojsQDFw  Laugh, Think, Cry, Laugh Again | Jessamyn Fair...   
           iq5SLf6xPFQ  Are you living the life you want to live? | Ta...   
           iuIisjRIcVI  Motivate yourself with visions, goals and will...   
           k_BVvupSChc  HIV - Curing the Incurable | Daniel Aaron Dona...   
           ke4lI_1xCrU  Mega events and the developing world | James M...   
           m-9z9M9dsq0  TEDxTUM 2017 Introduction - Re-Formations of T...   
           m4w-FV6eERI  The potential of brain stimulation | Sandro Kr...   
           mK6IdD4GXPo  The time is now for a sustainable food revolut...   
           mxbfx7YXBIo  TEDxTUM 2017 Ending | Jessamyn Fairfield's com...   
           myl722kHxbU  Feeling welcomed and empowered | Essraa Nawar ...   
           q5Mc26ihCXc                              TEDxTUM 2015 - FACETS   
           sRVxPE1cguo  Stick Up: The layers of tape art | Max Zorn an...   
           sfgTmRiGWWE      TEDxTUM Re-Formations of Tomorrow Impressions   
           w-QoDqBMe2k  Medical Augmented Reality: coming soon to (ope...   
           yY4gUvVYU8Q                       finding eXcitement | TEDxTUM   

                         Views  
Date       ID                   
2018-10-24 -NhZ4ioHb9E     728  
           -guxUgF_eTU    6245  
           0NDL0AgRK0c     820  
           0qVOUD76JOg  209254  
           13kgrPyNTfY     802  
           1E-QkFUAt5A     634  
           2B91UE0gHps     509  
           36186S-RsKY   10420  
           3DyrDKYhSi8   10388  
           3Xpj5Gj9pgo    2420  
           3_ZXhYD9QJg     329  
           3uLp0C6G__w   87221  
           5SDZA06wO44    1954  
           5U6Cc1hmdY0    4189  
           5zFOUgtiZeQ     336  
           62aI5Oy4S4g    1273  
           68LGsvpn7vk     109  
           6MxbegZtAII     873  
           76pnQkP-xG4    4588  
           CFHvNNcEIDo     764  
           D6_J7FfgWVc  244065  
           Dbvp5LxY6Kw      99  
           EJDpbsvWdsg  121551  
           FjBsr9w3-Gk    3039  
           HCjBM23nQ0s    5415  
           IDixuVrDABY   16420  
           IdRbCJzpIAM       7  
           JR_DmkV4Jlw    5209  
           KCLdryjDl6E  356710  
           LQEbC8QfbyU   12473  
...                        ...  
           VxQ5R9-Jfm8      27  
           WGPQM1J7Jcw    4132  
           XnQHVXMhzBo   12805  
           YPMD7iNZT24     248  
           YTKgizpzmtQ    2373  
           Z2TQQhTx6EQ    2105  
           Zark1jrC7EU    2331  
           ab_yh2HoJ7o    3079  
           d_eaG5QcA_U     165  
           fkxl1hSmb28     993  
           g17OHKBm50I     326  
           gPZc1fZcgL8    1701  
           gnK7Lg56DjI    1718  
           gxTkm3nwIQw     906  
           iHOarnXZNqc     718  
           iaemojsQDFw     885  
           iq5SLf6xPFQ  214719  
           iuIisjRIcVI  259129  
           k_BVvupSChc   15319  
           ke4lI_1xCrU    3748  
           m-9z9M9dsq0     263  
           m4w-FV6eERI    2538  
           mK6IdD4GXPo   65804  
           mxbfx7YXBIo     254  
           myl722kHxbU    7853  
           q5Mc26ihCXc     399  
           sRVxPE1cguo    6830  
           sfgTmRiGWWE     116  
           w-QoDqBMe2k    6269  
           yY4gUvVYU8Q     233  

[71 rows x 9 columns],), {}
2018-10-24 09:05:31,183 INFO Saving data ...
2018-10-24 09:05:31,190 INFO ...done!
2018-10-24 09:05:31,191 INFO Saving config ...
2018-10-24 09:05:31,192 INFO ...done!
