2018-10-24 08:26:08,794 WARNING file_cache is unavailable when using oauth2client >= 4.0.0 or google-auth
Traceback (most recent call last):
  File "C:\Users\Julian\Anaconda3\lib\site-packages\googleapiclient\discovery_cache\__init__.py", line 36, in autodetect
    from google.appengine.api import memcache
ModuleNotFoundError: No module named 'google.appengine'

During handling of the above exception, another exception occurred:

Traceback (most recent call last):
  File "C:\Users\Julian\Anaconda3\lib\site-packages\googleapiclient\discovery_cache\file_cache.py", line 33, in <module>
    from oauth2client.contrib.locked_file import LockedFile
ModuleNotFoundError: No module named 'oauth2client.contrib.locked_file'

During handling of the above exception, another exception occurred:

Traceback (most recent call last):
  File "C:\Users\Julian\Anaconda3\lib\site-packages\googleapiclient\discovery_cache\file_cache.py", line 37, in <module>
    from oauth2client.locked_file import LockedFile
ModuleNotFoundError: No module named 'oauth2client.locked_file'

During handling of the above exception, another exception occurred:

Traceback (most recent call last):
  File "C:\Users\Julian\Anaconda3\lib\site-packages\googleapiclient\discovery_cache\__init__.py", line 41, in autodetect
    from . import file_cache
  File "C:\Users\Julian\Anaconda3\lib\site-packages\googleapiclient\discovery_cache\file_cache.py", line 41, in <module>
    'file_cache is unavailable when using oauth2client >= 4.0.0 or google-auth')
ImportError: file_cache is unavailable when using oauth2client >= 4.0.0 or google-auth
2018-10-24 08:26:08,795 INFO URL being requested: GET https://www.googleapis.com/discovery/v1/apis/youtube/v3/rest
2018-10-24 08:26:10,127 INFO TRACE: Calling load_data() with ('TEDx-ytt-output.csv', ['Date', 'ID']), {}
2018-10-24 08:26:10,127 INFO Loading old data from TEDx-ytt-output.csv
2018-10-24 08:26:10,134 INFO ...done!
2018-10-24 08:26:10,134 INFO TRACE: Calling youtube_search() with ('TEDxTUM', 200), {'client': <googleapiclient.discovery.Resource object at 0x00000222F2B3DCF8>}
2018-10-24 08:26:10,154 INFO URL being requested: GET https://www.googleapis.com/youtube/v3/search?q=TEDxTUM&maxResults=50&part=id%2Csnippet&type=video&key=AIzaSyCtwTLEto38mYTNtGciRwyKizhFaQv-Jcs&alt=json
2018-10-24 08:26:10,538 INFO URL being requested: GET https://www.googleapis.com/youtube/v3/search?q=TEDxTUM&maxResults=50&part=id%2Csnippet&type=video&pageToken=CDIQAA&key=AIzaSyCtwTLEto38mYTNtGciRwyKizhFaQv-Jcs&alt=json
2018-10-24 08:26:10,858 DEBUG Found new video: finding eXpression | TEDxTUM
2018-10-24 08:26:10,858 DEBUG Found new video: Memory techniques - Your secret weapon in the information age | Simon Reinhard | TEDxTUM
2018-10-24 08:26:10,859 DEBUG Found new video: Contemporary Ballet | Munich International Ballet School | TEDxTUM
2018-10-24 08:26:10,859 DEBUG Found new video: finding eXcitement | TEDxTUM
2018-10-24 08:26:10,859 DEBUG Found new video: TEDxTUM 2018: Conscious Reflection
2018-10-24 08:26:10,859 DEBUG Found new video: TEDxTUM 2017 Ending | Jessamyn Fairfield's comedy summary of the talks
2018-10-24 08:26:10,859 DEBUG Found new video: TEDxTUM 2017 - Re-formations of tomorrow
2018-10-24 08:26:10,859 DEBUG Found new video: TEDxTUM: Conscious Reflection (Music only)
2018-10-24 08:26:10,859 DEBUG Found new video: TEDxTUM: ENTELECHY Impressions
2018-10-24 08:26:10,859 DEBUG Found new video: Jenny Rankin Speed Lists all 50 US States | TEDxTUM
2018-10-24 08:26:10,859 DEBUG Found new video: Team Event | TEDxTUM 2015
2018-10-24 08:26:10,859 DEBUG Found new video: TEDxTUM 2015 Organizing Team
2018-10-24 08:26:10,860 DEBUG Found new video: finding eXploration | TEDxTUM
2018-10-24 08:26:10,860 DEBUG Found new video: Medical Augmented Reality: coming soon to (operating) theaters near you | Nassir Navab | TEDxTUM
2018-10-24 08:26:10,860 DEBUG Found new video: TEDxTUM 2017 Introduction - Re-Formations of Tomorrow
2018-10-24 08:26:10,860 DEBUG Found new video: The fascinating intelligence of birds | Auguste von Bayern | TEDxTUM
2018-10-24 08:26:10,860 DEBUG Found new video: Q&A Between Sessions | TEDxTUM 2017
2018-10-24 08:26:10,860 DEBUG Found new video: TEDxTUM 2015 - FACETS
2018-10-24 08:26:10,860 DEBUG Found new video: There can be no human 2.0 without a humanity 2.0 | Philipp Reisinger | TEDxTUM
2018-10-24 08:26:10,861 INFO URL being requested: GET https://www.googleapis.com/youtube/v3/search?q=TEDxTUM&maxResults=50&part=id%2Csnippet&type=video&pageToken=CGQQAA&key=AIzaSyCtwTLEto38mYTNtGciRwyKizhFaQv-Jcs&alt=json
2018-10-24 08:26:11,187 DEBUG Found new video: Science, art and the Big Bang | Judith Egger | TEDxTUMSalon
2018-10-24 08:26:11,189 INFO URL being requested: GET https://www.googleapis.com/youtube/v3/search?q=TEDxTUM&maxResults=50&part=id%2Csnippet&type=video&pageToken=CJYBEAA&key=AIzaSyCtwTLEto38mYTNtGciRwyKizhFaQv-Jcs&alt=json
2018-10-24 08:26:11,743 DEBUG Found new video: Science, art and the Big Bang | Judith Egger | TEDxTUMSalon
2018-10-24 08:26:11,745 INFO URL being requested: GET https://www.googleapis.com/youtube/v3/search?q=TEDxTUM&maxResults=50&part=id%2Csnippet&type=video&pageToken=CMgBEAA&key=AIzaSyCtwTLEto38mYTNtGciRwyKizhFaQv-Jcs&alt=json
2018-10-24 08:26:12,401 INFO URL being requested: GET https://www.googleapis.com/youtube/v3/search?q=TEDxTUM&maxResults=50&part=id%2Csnippet&type=video&pageToken=CPoBEAA&key=AIzaSyCtwTLEto38mYTNtGciRwyKizhFaQv-Jcs&alt=json
2018-10-24 08:26:12,722 INFO URL being requested: GET https://www.googleapis.com/youtube/v3/search?q=TEDxTUM&maxResults=50&part=id%2Csnippet&type=video&pageToken=CKwCEAA&key=AIzaSyCtwTLEto38mYTNtGciRwyKizhFaQv-Jcs&alt=json
2018-10-24 08:26:13,076 INFO URL being requested: GET https://www.googleapis.com/youtube/v3/search?q=TEDxTUM&maxResults=50&part=id%2Csnippet&type=video&pageToken=CN4CEAA&key=AIzaSyCtwTLEto38mYTNtGciRwyKizhFaQv-Jcs&alt=json
2018-10-24 08:26:13,497 INFO URL being requested: GET https://www.googleapis.com/youtube/v3/search?q=TEDxTUM&maxResults=50&part=id%2Csnippet&type=video&pageToken=CJADEAA&key=AIzaSyCtwTLEto38mYTNtGciRwyKizhFaQv-Jcs&alt=json
2018-10-24 08:26:13,872 INFO URL being requested: GET https://www.googleapis.com/youtube/v3/search?q=TEDxTUM&maxResults=50&part=id%2Csnippet&type=video&pageToken=CMIDEAA&key=AIzaSyCtwTLEto38mYTNtGciRwyKizhFaQv-Jcs&alt=json
2018-10-24 08:26:14,281 INFO URL being requested: GET https://www.googleapis.com/youtube/v3/search?q=TEDxTUM&maxResults=50&part=id%2Csnippet&type=video&pageToken=CPQDEAA&key=AIzaSyCtwTLEto38mYTNtGciRwyKizhFaQv-Jcs&alt=json
2018-10-24 08:26:14,795 INFO URL being requested: GET https://www.googleapis.com/youtube/v3/search?q=TEDxTUM&maxResults=50&part=id%2Csnippet&type=video&pageToken=CKYEEAA&key=AIzaSyCtwTLEto38mYTNtGciRwyKizhFaQv-Jcs&alt=json
2018-10-24 08:26:15,162 INFO URL being requested: GET https://www.googleapis.com/youtube/v3/search?q=TEDxTUM&maxResults=50&part=id%2Csnippet&type=video&pageToken=CNgEEAA&key=AIzaSyCtwTLEto38mYTNtGciRwyKizhFaQv-Jcs&alt=json
2018-10-24 08:26:15,527 INFO URL being requested: GET https://www.googleapis.com/youtube/v3/search?q=TEDxTUM&maxResults=50&part=id%2Csnippet&type=video&pageToken=CIoFEAA&key=AIzaSyCtwTLEto38mYTNtGciRwyKizhFaQv-Jcs&alt=json
2018-10-24 08:26:15,914 INFO URL being requested: GET https://www.googleapis.com/youtube/v3/search?q=TEDxTUM&maxResults=50&part=id%2Csnippet&type=video&pageToken=CLwFEAA&key=AIzaSyCtwTLEto38mYTNtGciRwyKizhFaQv-Jcs&alt=json
2018-10-24 08:26:16,804 INFO URL being requested: GET https://www.googleapis.com/youtube/v3/search?q=TEDxTUM&maxResults=50&part=id%2Csnippet&type=video&pageToken=CO4FEAA&key=AIzaSyCtwTLEto38mYTNtGciRwyKizhFaQv-Jcs&alt=json
2018-10-24 08:26:17,166 INFO URL being requested: GET https://www.googleapis.com/youtube/v3/search?q=TEDxTUM&maxResults=50&part=id%2Csnippet&type=video&pageToken=CKAGEAA&key=AIzaSyCtwTLEto38mYTNtGciRwyKizhFaQv-Jcs&alt=json
2018-10-24 08:26:17,524 INFO URL being requested: GET https://www.googleapis.com/youtube/v3/search?q=TEDxTUM&maxResults=50&part=id%2Csnippet&type=video&pageToken=CNIGEAA&key=AIzaSyCtwTLEto38mYTNtGciRwyKizhFaQv-Jcs&alt=json
2018-10-24 08:26:18,398 INFO URL being requested: GET https://www.googleapis.com/youtube/v3/search?q=TEDxTUM&maxResults=50&part=id%2Csnippet&type=video&pageToken=CIQHEAA&key=AIzaSyCtwTLEto38mYTNtGciRwyKizhFaQv-Jcs&alt=json
2018-10-24 08:26:18,693 INFO URL being requested: GET https://www.googleapis.com/youtube/v3/search?q=TEDxTUM&maxResults=50&part=id%2Csnippet&type=video&pageToken=CLYHEAA&key=AIzaSyCtwTLEto38mYTNtGciRwyKizhFaQv-Jcs&alt=json
2018-10-24 08:26:18,987 INFO TRACE: Calling get_youtube_data() with ('iuIisjRIcVI,0qVOUD76JOg,D6_J7FfgWVc,iq5SLf6xPFQ,EJDpbsvWdsg,XnQHVXMhzBo,WGPQM1J7Jcw,IDixuVrDABY,3Xpj5Gj9pgo,36186S-RsKY,Zark1jrC7EU,OKQ-mpv0tWI,Z2TQQhTx6EQ,62aI5Oy4S4g,ab_yh2HoJ7o,3uLp0C6G__w,-guxUgF_eTU,NQ9uWbZ285Q,m4w-FV6eERI,HCjBM23nQ0s,0NDL0AgRK0c,JR_DmkV4Jlw,6MxbegZtAII,mK6IdD4GXPo,CFHvNNcEIDo,2B91UE0gHps,k_BVvupSChc,U5DoJ_jCt7E,3DyrDKYhSi8,g17OHKBm50I,O54JCIDqWwM,LQEbC8QfbyU,NG2CsLrCCY8,PpiVaGPyDG4,-NhZ4ioHb9E,ke4lI_1xCrU,gPZc1fZcgL8,76pnQkP-xG4,FjBsr9w3-Gk,5zFOUgtiZeQ,myl722kHxbU,OE3mguWXRRU,5U6Cc1hmdY0,fkxl1hSmb28,iaemojsQDFw,Dbvp5LxY6Kw,gnK7Lg56DjI,sfgTmRiGWWE,sRVxPE1cguo,LjQDLg_KuJg,gxTkm3nwIQw,KCLdryjDl6E,5SDZA06wO44,yY4gUvVYU8Q,13kgrPyNTfY,mxbfx7YXBIo,iHOarnXZNqc,IdRbCJzpIAM,OiqnbYywGcI,3_ZXhYD9QJg,d_eaG5QcA_U,TEQpfEb8vsE,YPMD7iNZT24,w-QoDqBMe2k,m-9z9M9dsq0,VxQ5R9-Jfm8,68LGsvpn7vk,q5Mc26ihCXc,YTKgizpzmtQ,NfpGHOu9TIY,NfpGHOu9TIY', <googleapiclient.discovery.Resource object at 0x00000222F2B3DCF8>), {}
2018-10-24 08:26:18,997 INFO URL being requested: GET https://www.googleapis.com/youtube/v3/videos?part=id%2Csnippet%2C+statistics&id=iuIisjRIcVI&key=AIzaSyCtwTLEto38mYTNtGciRwyKizhFaQv-Jcs&alt=json
2018-10-24 08:26:19,074 INFO URL being requested: GET https://www.googleapis.com/youtube/v3/videos?part=id%2Csnippet%2C+statistics&id=0qVOUD76JOg&key=AIzaSyCtwTLEto38mYTNtGciRwyKizhFaQv-Jcs&alt=json
2018-10-24 08:26:19,147 INFO URL being requested: GET https://www.googleapis.com/youtube/v3/videos?part=id%2Csnippet%2C+statistics&id=D6_J7FfgWVc&key=AIzaSyCtwTLEto38mYTNtGciRwyKizhFaQv-Jcs&alt=json
2018-10-24 08:26:19,227 INFO URL being requested: GET https://www.googleapis.com/youtube/v3/videos?part=id%2Csnippet%2C+statistics&id=iq5SLf6xPFQ&key=AIzaSyCtwTLEto38mYTNtGciRwyKizhFaQv-Jcs&alt=json
2018-10-24 08:26:19,302 INFO URL being requested: GET https://www.googleapis.com/youtube/v3/videos?part=id%2Csnippet%2C+statistics&id=EJDpbsvWdsg&key=AIzaSyCtwTLEto38mYTNtGciRwyKizhFaQv-Jcs&alt=json
2018-10-24 08:26:19,375 INFO URL being requested: GET https://www.googleapis.com/youtube/v3/videos?part=id%2Csnippet%2C+statistics&id=XnQHVXMhzBo&key=AIzaSyCtwTLEto38mYTNtGciRwyKizhFaQv-Jcs&alt=json
2018-10-24 08:26:19,454 INFO URL being requested: GET https://www.googleapis.com/youtube/v3/videos?part=id%2Csnippet%2C+statistics&id=WGPQM1J7Jcw&key=AIzaSyCtwTLEto38mYTNtGciRwyKizhFaQv-Jcs&alt=json
2018-10-24 08:26:19,527 INFO URL being requested: GET https://www.googleapis.com/youtube/v3/videos?part=id%2Csnippet%2C+statistics&id=IDixuVrDABY&key=AIzaSyCtwTLEto38mYTNtGciRwyKizhFaQv-Jcs&alt=json
2018-10-24 08:26:19,592 INFO URL being requested: GET https://www.googleapis.com/youtube/v3/videos?part=id%2Csnippet%2C+statistics&id=3Xpj5Gj9pgo&key=AIzaSyCtwTLEto38mYTNtGciRwyKizhFaQv-Jcs&alt=json
2018-10-24 08:26:19,667 INFO URL being requested: GET https://www.googleapis.com/youtube/v3/videos?part=id%2Csnippet%2C+statistics&id=36186S-RsKY&key=AIzaSyCtwTLEto38mYTNtGciRwyKizhFaQv-Jcs&alt=json
2018-10-24 08:26:19,743 INFO URL being requested: GET https://www.googleapis.com/youtube/v3/videos?part=id%2Csnippet%2C+statistics&id=Zark1jrC7EU&key=AIzaSyCtwTLEto38mYTNtGciRwyKizhFaQv-Jcs&alt=json
2018-10-24 08:26:19,826 INFO URL being requested: GET https://www.googleapis.com/youtube/v3/videos?part=id%2Csnippet%2C+statistics&id=OKQ-mpv0tWI&key=AIzaSyCtwTLEto38mYTNtGciRwyKizhFaQv-Jcs&alt=json
2018-10-24 08:26:19,916 INFO URL being requested: GET https://www.googleapis.com/youtube/v3/videos?part=id%2Csnippet%2C+statistics&id=Z2TQQhTx6EQ&key=AIzaSyCtwTLEto38mYTNtGciRwyKizhFaQv-Jcs&alt=json
2018-10-24 08:26:19,997 INFO URL being requested: GET https://www.googleapis.com/youtube/v3/videos?part=id%2Csnippet%2C+statistics&id=62aI5Oy4S4g&key=AIzaSyCtwTLEto38mYTNtGciRwyKizhFaQv-Jcs&alt=json
2018-10-24 08:26:20,085 INFO URL being requested: GET https://www.googleapis.com/youtube/v3/videos?part=id%2Csnippet%2C+statistics&id=ab_yh2HoJ7o&key=AIzaSyCtwTLEto38mYTNtGciRwyKizhFaQv-Jcs&alt=json
2018-10-24 08:26:20,171 INFO URL being requested: GET https://www.googleapis.com/youtube/v3/videos?part=id%2Csnippet%2C+statistics&id=3uLp0C6G__w&key=AIzaSyCtwTLEto38mYTNtGciRwyKizhFaQv-Jcs&alt=json
2018-10-24 08:26:20,253 INFO URL being requested: GET https://www.googleapis.com/youtube/v3/videos?part=id%2Csnippet%2C+statistics&id=-guxUgF_eTU&key=AIzaSyCtwTLEto38mYTNtGciRwyKizhFaQv-Jcs&alt=json
2018-10-24 08:26:20,343 INFO URL being requested: GET https://www.googleapis.com/youtube/v3/videos?part=id%2Csnippet%2C+statistics&id=NQ9uWbZ285Q&key=AIzaSyCtwTLEto38mYTNtGciRwyKizhFaQv-Jcs&alt=json
2018-10-24 08:26:20,421 INFO URL being requested: GET https://www.googleapis.com/youtube/v3/videos?part=id%2Csnippet%2C+statistics&id=m4w-FV6eERI&key=AIzaSyCtwTLEto38mYTNtGciRwyKizhFaQv-Jcs&alt=json
2018-10-24 08:26:20,566 INFO URL being requested: GET https://www.googleapis.com/youtube/v3/videos?part=id%2Csnippet%2C+statistics&id=HCjBM23nQ0s&key=AIzaSyCtwTLEto38mYTNtGciRwyKizhFaQv-Jcs&alt=json
2018-10-24 08:26:20,643 INFO URL being requested: GET https://www.googleapis.com/youtube/v3/videos?part=id%2Csnippet%2C+statistics&id=0NDL0AgRK0c&key=AIzaSyCtwTLEto38mYTNtGciRwyKizhFaQv-Jcs&alt=json
2018-10-24 08:26:20,725 INFO URL being requested: GET https://www.googleapis.com/youtube/v3/videos?part=id%2Csnippet%2C+statistics&id=JR_DmkV4Jlw&key=AIzaSyCtwTLEto38mYTNtGciRwyKizhFaQv-Jcs&alt=json
2018-10-24 08:26:20,810 INFO URL being requested: GET https://www.googleapis.com/youtube/v3/videos?part=id%2Csnippet%2C+statistics&id=6MxbegZtAII&key=AIzaSyCtwTLEto38mYTNtGciRwyKizhFaQv-Jcs&alt=json
2018-10-24 08:26:20,886 INFO URL being requested: GET https://www.googleapis.com/youtube/v3/videos?part=id%2Csnippet%2C+statistics&id=mK6IdD4GXPo&key=AIzaSyCtwTLEto38mYTNtGciRwyKizhFaQv-Jcs&alt=json
2018-10-24 08:26:20,977 INFO URL being requested: GET https://www.googleapis.com/youtube/v3/videos?part=id%2Csnippet%2C+statistics&id=CFHvNNcEIDo&key=AIzaSyCtwTLEto38mYTNtGciRwyKizhFaQv-Jcs&alt=json
2018-10-24 08:26:21,050 INFO URL being requested: GET https://www.googleapis.com/youtube/v3/videos?part=id%2Csnippet%2C+statistics&id=2B91UE0gHps&key=AIzaSyCtwTLEto38mYTNtGciRwyKizhFaQv-Jcs&alt=json
2018-10-24 08:26:21,122 INFO URL being requested: GET https://www.googleapis.com/youtube/v3/videos?part=id%2Csnippet%2C+statistics&id=k_BVvupSChc&key=AIzaSyCtwTLEto38mYTNtGciRwyKizhFaQv-Jcs&alt=json
2018-10-24 08:26:21,197 INFO URL being requested: GET https://www.googleapis.com/youtube/v3/videos?part=id%2Csnippet%2C+statistics&id=U5DoJ_jCt7E&key=AIzaSyCtwTLEto38mYTNtGciRwyKizhFaQv-Jcs&alt=json
2018-10-24 08:26:21,276 INFO URL being requested: GET https://www.googleapis.com/youtube/v3/videos?part=id%2Csnippet%2C+statistics&id=3DyrDKYhSi8&key=AIzaSyCtwTLEto38mYTNtGciRwyKizhFaQv-Jcs&alt=json
2018-10-24 08:26:21,349 INFO URL being requested: GET https://www.googleapis.com/youtube/v3/videos?part=id%2Csnippet%2C+statistics&id=g17OHKBm50I&key=AIzaSyCtwTLEto38mYTNtGciRwyKizhFaQv-Jcs&alt=json
2018-10-24 08:26:21,414 INFO URL being requested: GET https://www.googleapis.com/youtube/v3/videos?part=id%2Csnippet%2C+statistics&id=O54JCIDqWwM&key=AIzaSyCtwTLEto38mYTNtGciRwyKizhFaQv-Jcs&alt=json
2018-10-24 08:26:21,491 INFO URL being requested: GET https://www.googleapis.com/youtube/v3/videos?part=id%2Csnippet%2C+statistics&id=LQEbC8QfbyU&key=AIzaSyCtwTLEto38mYTNtGciRwyKizhFaQv-Jcs&alt=json
2018-10-24 08:26:21,578 INFO URL being requested: GET https://www.googleapis.com/youtube/v3/videos?part=id%2Csnippet%2C+statistics&id=NG2CsLrCCY8&key=AIzaSyCtwTLEto38mYTNtGciRwyKizhFaQv-Jcs&alt=json
2018-10-24 08:26:21,654 INFO URL being requested: GET https://www.googleapis.com/youtube/v3/videos?part=id%2Csnippet%2C+statistics&id=PpiVaGPyDG4&key=AIzaSyCtwTLEto38mYTNtGciRwyKizhFaQv-Jcs&alt=json
2018-10-24 08:26:21,730 INFO URL being requested: GET https://www.googleapis.com/youtube/v3/videos?part=id%2Csnippet%2C+statistics&id=-NhZ4ioHb9E&key=AIzaSyCtwTLEto38mYTNtGciRwyKizhFaQv-Jcs&alt=json
2018-10-24 08:26:21,811 INFO URL being requested: GET https://www.googleapis.com/youtube/v3/videos?part=id%2Csnippet%2C+statistics&id=ke4lI_1xCrU&key=AIzaSyCtwTLEto38mYTNtGciRwyKizhFaQv-Jcs&alt=json
2018-10-24 08:26:21,886 INFO URL being requested: GET https://www.googleapis.com/youtube/v3/videos?part=id%2Csnippet%2C+statistics&id=gPZc1fZcgL8&key=AIzaSyCtwTLEto38mYTNtGciRwyKizhFaQv-Jcs&alt=json
2018-10-24 08:26:21,963 INFO URL being requested: GET https://www.googleapis.com/youtube/v3/videos?part=id%2Csnippet%2C+statistics&id=76pnQkP-xG4&key=AIzaSyCtwTLEto38mYTNtGciRwyKizhFaQv-Jcs&alt=json
2018-10-24 08:26:22,082 INFO URL being requested: GET https://www.googleapis.com/youtube/v3/videos?part=id%2Csnippet%2C+statistics&id=FjBsr9w3-Gk&key=AIzaSyCtwTLEto38mYTNtGciRwyKizhFaQv-Jcs&alt=json
2018-10-24 08:26:22,157 INFO URL being requested: GET https://www.googleapis.com/youtube/v3/videos?part=id%2Csnippet%2C+statistics&id=5zFOUgtiZeQ&key=AIzaSyCtwTLEto38mYTNtGciRwyKizhFaQv-Jcs&alt=json
2018-10-24 08:26:22,235 INFO URL being requested: GET https://www.googleapis.com/youtube/v3/videos?part=id%2Csnippet%2C+statistics&id=myl722kHxbU&key=AIzaSyCtwTLEto38mYTNtGciRwyKizhFaQv-Jcs&alt=json
2018-10-24 08:26:22,323 INFO URL being requested: GET https://www.googleapis.com/youtube/v3/videos?part=id%2Csnippet%2C+statistics&id=OE3mguWXRRU&key=AIzaSyCtwTLEto38mYTNtGciRwyKizhFaQv-Jcs&alt=json
2018-10-24 08:26:22,397 INFO URL being requested: GET https://www.googleapis.com/youtube/v3/videos?part=id%2Csnippet%2C+statistics&id=5U6Cc1hmdY0&key=AIzaSyCtwTLEto38mYTNtGciRwyKizhFaQv-Jcs&alt=json
2018-10-24 08:26:22,480 INFO URL being requested: GET https://www.googleapis.com/youtube/v3/videos?part=id%2Csnippet%2C+statistics&id=fkxl1hSmb28&key=AIzaSyCtwTLEto38mYTNtGciRwyKizhFaQv-Jcs&alt=json
2018-10-24 08:26:22,552 INFO URL being requested: GET https://www.googleapis.com/youtube/v3/videos?part=id%2Csnippet%2C+statistics&id=iaemojsQDFw&key=AIzaSyCtwTLEto38mYTNtGciRwyKizhFaQv-Jcs&alt=json
2018-10-24 08:26:22,631 INFO URL being requested: GET https://www.googleapis.com/youtube/v3/videos?part=id%2Csnippet%2C+statistics&id=Dbvp5LxY6Kw&key=AIzaSyCtwTLEto38mYTNtGciRwyKizhFaQv-Jcs&alt=json
2018-10-24 08:26:22,701 INFO URL being requested: GET https://www.googleapis.com/youtube/v3/videos?part=id%2Csnippet%2C+statistics&id=gnK7Lg56DjI&key=AIzaSyCtwTLEto38mYTNtGciRwyKizhFaQv-Jcs&alt=json
2018-10-24 08:26:22,789 INFO URL being requested: GET https://www.googleapis.com/youtube/v3/videos?part=id%2Csnippet%2C+statistics&id=sfgTmRiGWWE&key=AIzaSyCtwTLEto38mYTNtGciRwyKizhFaQv-Jcs&alt=json
2018-10-24 08:26:22,855 INFO URL being requested: GET https://www.googleapis.com/youtube/v3/videos?part=id%2Csnippet%2C+statistics&id=sRVxPE1cguo&key=AIzaSyCtwTLEto38mYTNtGciRwyKizhFaQv-Jcs&alt=json
2018-10-24 08:26:22,936 INFO URL being requested: GET https://www.googleapis.com/youtube/v3/videos?part=id%2Csnippet%2C+statistics&id=LjQDLg_KuJg&key=AIzaSyCtwTLEto38mYTNtGciRwyKizhFaQv-Jcs&alt=json
2018-10-24 08:26:23,009 INFO URL being requested: GET https://www.googleapis.com/youtube/v3/videos?part=id%2Csnippet%2C+statistics&id=gxTkm3nwIQw&key=AIzaSyCtwTLEto38mYTNtGciRwyKizhFaQv-Jcs&alt=json
2018-10-24 08:26:23,104 INFO URL being requested: GET https://www.googleapis.com/youtube/v3/videos?part=id%2Csnippet%2C+statistics&id=KCLdryjDl6E&key=AIzaSyCtwTLEto38mYTNtGciRwyKizhFaQv-Jcs&alt=json
2018-10-24 08:26:23,177 INFO URL being requested: GET https://www.googleapis.com/youtube/v3/videos?part=id%2Csnippet%2C+statistics&id=5SDZA06wO44&key=AIzaSyCtwTLEto38mYTNtGciRwyKizhFaQv-Jcs&alt=json
2018-10-24 08:26:23,254 INFO URL being requested: GET https://www.googleapis.com/youtube/v3/videos?part=id%2Csnippet%2C+statistics&id=yY4gUvVYU8Q&key=AIzaSyCtwTLEto38mYTNtGciRwyKizhFaQv-Jcs&alt=json
2018-10-24 08:26:23,346 INFO URL being requested: GET https://www.googleapis.com/youtube/v3/videos?part=id%2Csnippet%2C+statistics&id=13kgrPyNTfY&key=AIzaSyCtwTLEto38mYTNtGciRwyKizhFaQv-Jcs&alt=json
2018-10-24 08:26:23,419 INFO URL being requested: GET https://www.googleapis.com/youtube/v3/videos?part=id%2Csnippet%2C+statistics&id=mxbfx7YXBIo&key=AIzaSyCtwTLEto38mYTNtGciRwyKizhFaQv-Jcs&alt=json
2018-10-24 08:26:23,493 INFO URL being requested: GET https://www.googleapis.com/youtube/v3/videos?part=id%2Csnippet%2C+statistics&id=iHOarnXZNqc&key=AIzaSyCtwTLEto38mYTNtGciRwyKizhFaQv-Jcs&alt=json
2018-10-24 08:26:23,590 INFO URL being requested: GET https://www.googleapis.com/youtube/v3/videos?part=id%2Csnippet%2C+statistics&id=IdRbCJzpIAM&key=AIzaSyCtwTLEto38mYTNtGciRwyKizhFaQv-Jcs&alt=json
2018-10-24 08:26:23,665 INFO URL being requested: GET https://www.googleapis.com/youtube/v3/videos?part=id%2Csnippet%2C+statistics&id=OiqnbYywGcI&key=AIzaSyCtwTLEto38mYTNtGciRwyKizhFaQv-Jcs&alt=json
2018-10-24 08:26:23,733 INFO URL being requested: GET https://www.googleapis.com/youtube/v3/videos?part=id%2Csnippet%2C+statistics&id=3_ZXhYD9QJg&key=AIzaSyCtwTLEto38mYTNtGciRwyKizhFaQv-Jcs&alt=json
2018-10-24 08:26:23,806 INFO URL being requested: GET https://www.googleapis.com/youtube/v3/videos?part=id%2Csnippet%2C+statistics&id=d_eaG5QcA_U&key=AIzaSyCtwTLEto38mYTNtGciRwyKizhFaQv-Jcs&alt=json
2018-10-24 08:26:23,881 INFO URL being requested: GET https://www.googleapis.com/youtube/v3/videos?part=id%2Csnippet%2C+statistics&id=TEQpfEb8vsE&key=AIzaSyCtwTLEto38mYTNtGciRwyKizhFaQv-Jcs&alt=json
2018-10-24 08:26:23,951 INFO URL being requested: GET https://www.googleapis.com/youtube/v3/videos?part=id%2Csnippet%2C+statistics&id=YPMD7iNZT24&key=AIzaSyCtwTLEto38mYTNtGciRwyKizhFaQv-Jcs&alt=json
2018-10-24 08:26:24,016 INFO URL being requested: GET https://www.googleapis.com/youtube/v3/videos?part=id%2Csnippet%2C+statistics&id=w-QoDqBMe2k&key=AIzaSyCtwTLEto38mYTNtGciRwyKizhFaQv-Jcs&alt=json
2018-10-24 08:26:24,098 INFO URL being requested: GET https://www.googleapis.com/youtube/v3/videos?part=id%2Csnippet%2C+statistics&id=m-9z9M9dsq0&key=AIzaSyCtwTLEto38mYTNtGciRwyKizhFaQv-Jcs&alt=json
2018-10-24 08:26:24,175 INFO URL being requested: GET https://www.googleapis.com/youtube/v3/videos?part=id%2Csnippet%2C+statistics&id=VxQ5R9-Jfm8&key=AIzaSyCtwTLEto38mYTNtGciRwyKizhFaQv-Jcs&alt=json
2018-10-24 08:26:24,248 INFO URL being requested: GET https://www.googleapis.com/youtube/v3/videos?part=id%2Csnippet%2C+statistics&id=68LGsvpn7vk&key=AIzaSyCtwTLEto38mYTNtGciRwyKizhFaQv-Jcs&alt=json
2018-10-24 08:26:24,323 INFO URL being requested: GET https://www.googleapis.com/youtube/v3/videos?part=id%2Csnippet%2C+statistics&id=q5Mc26ihCXc&key=AIzaSyCtwTLEto38mYTNtGciRwyKizhFaQv-Jcs&alt=json
2018-10-24 08:26:24,398 INFO URL being requested: GET https://www.googleapis.com/youtube/v3/videos?part=id%2Csnippet%2C+statistics&id=YTKgizpzmtQ&key=AIzaSyCtwTLEto38mYTNtGciRwyKizhFaQv-Jcs&alt=json
2018-10-24 08:26:24,487 INFO URL being requested: GET https://www.googleapis.com/youtube/v3/videos?part=id%2Csnippet%2C+statistics&id=NfpGHOu9TIY&key=AIzaSyCtwTLEto38mYTNtGciRwyKizhFaQv-Jcs&alt=json
2018-10-24 08:26:24,569 INFO URL being requested: GET https://www.googleapis.com/youtube/v3/videos?part=id%2Csnippet%2C+statistics&id=NfpGHOu9TIY&key=AIzaSyCtwTLEto38mYTNtGciRwyKizhFaQv-Jcs&alt=json
2018-10-24 08:26:24,650 INFO TRACE: Calling load_data() with ('TEDx-ytt-statistics.csv', ['Date', 'Metric']), {}
2018-10-24 08:26:24,650 INFO Loading old data from TEDx-ytt-statistics.csv
2018-10-24 08:26:24,655 INFO ...done!
2018-10-24 08:26:24,677 INFO TRACE: Calling calc_stats() with (                       Comment Count Dislikes Favourite Count  Likes  \
Date       ID                                                          
2018-10-24 iuIisjRIcVI            79      154               0   4235   
           0qVOUD76JOg           122       66               0   3132   
           D6_J7FfgWVc            80      241               0   3354   
           iq5SLf6xPFQ           555       81               0  16021   
           EJDpbsvWdsg           114      213               0   1019   
           XnQHVXMhzBo            13        4               0    185   
           WGPQM1J7Jcw             7        4               0     70   
           IDixuVrDABY             1        4               0    122   
           3Xpj5Gj9pgo             0        0               0     33   
           36186S-RsKY             9        4               0    105   
           Zark1jrC7EU             2        0               0     19   
           OKQ-mpv0tWI             3        0               0     21   
           Z2TQQhTx6EQ             3        0               0     36   
           62aI5Oy4S4g             4        1               0     28   
           ab_yh2HoJ7o             4       14               0     49   
           3uLp0C6G__w           205       45               0   1353   
           -guxUgF_eTU             3        7               0     55   
           NQ9uWbZ285Q             1        1               0     32   
           m4w-FV6eERI             0        0               0     30   
           HCjBM23nQ0s             2        2               0     73   
           0NDL0AgRK0c             1        0               0     19   
           JR_DmkV4Jlw             0        0               0     49   
           6MxbegZtAII             3        0               0     18   
           mK6IdD4GXPo             4        2               0    361   
           CFHvNNcEIDo             0        0               0      9   
           2B91UE0gHps             0        0               0      3   
           k_BVvupSChc            41       17               0    176   
           U5DoJ_jCt7E             0        1               0     18   
           3DyrDKYhSi8             0        3               0    118   
           g17OHKBm50I             0        0               0      2   
...                              ...      ...             ...    ...   
           OE3mguWXRRU             0        1               0      4   
           5U6Cc1hmdY0             2        3               0     56   
           fkxl1hSmb28             0        0               0     19   
           iaemojsQDFw             1        1               0     25   
           Dbvp5LxY6Kw             0        0               0      2   
           gnK7Lg56DjI             0        0               0     21   
           sfgTmRiGWWE             0        0               0      1   
           sRVxPE1cguo             4        1               0     70   
           LjQDLg_KuJg             0        1               0      0   
           gxTkm3nwIQw             0        0               0     12   
           KCLdryjDl6E            83      189               0   3793   
           5SDZA06wO44             1        1               0     10   
           yY4gUvVYU8Q             0        0               0      1   
           13kgrPyNTfY             0        1               0      6   
           mxbfx7YXBIo             0        0               0      9   
           iHOarnXZNqc             0        0               0      3   
           IdRbCJzpIAM             0        0               0      0   
           OiqnbYywGcI             1        0               0     13   
           3_ZXhYD9QJg             0        1               0      8   
           d_eaG5QcA_U             0        0               0      6   
           TEQpfEb8vsE             0        0               0      4   
           YPMD7iNZT24             0        0               0      6   
           w-QoDqBMe2k             1        3               0     78   
           m-9z9M9dsq0             0        0               0      3   
           VxQ5R9-Jfm8             0        0               0      0   
           68LGsvpn7vk             0        0               0      1   
           q5Mc26ihCXc             0        0               0      2   
           YTKgizpzmtQ             1        3               0     13   
           NfpGHOu9TIY             0        1               0     11   
           NfpGHOu9TIY             0        1               0     11   

                                    Published on  \
Date       ID                                      
2018-10-24 iuIisjRIcVI  2017-02-09T19:43:41.000Z   
           0qVOUD76JOg  2015-12-07T19:46:38.000Z   
           D6_J7FfgWVc  2018-02-21T21:50:47.000Z   
           iq5SLf6xPFQ  2018-02-21T21:46:59.000Z   
           EJDpbsvWdsg  2017-02-14T15:28:53.000Z   
           XnQHVXMhzBo  2016-01-05T16:34:27.000Z   
           WGPQM1J7Jcw  2018-02-21T21:55:30.000Z   
           IDixuVrDABY  2014-07-23T18:55:18.000Z   
           3Xpj5Gj9pgo  2016-01-18T18:34:08.000Z   
           36186S-RsKY  2016-01-29T16:28:55.000Z   
           Zark1jrC7EU  2014-07-23T18:55:49.000Z   
           OKQ-mpv0tWI  2018-02-21T21:45:45.000Z   
           Z2TQQhTx6EQ  2016-01-12T20:04:05.000Z   
           62aI5Oy4S4g  2018-02-21T21:48:51.000Z   
           ab_yh2HoJ7o  2017-02-10T17:11:20.000Z   
           3uLp0C6G__w  2017-02-10T17:11:15.000Z   
           -guxUgF_eTU  2015-12-22T18:36:24.000Z   
           NQ9uWbZ285Q  2017-02-09T19:43:40.000Z   
           m4w-FV6eERI  2017-02-17T17:48:43.000Z   
           HCjBM23nQ0s  2016-01-08T21:08:32.000Z   
           0NDL0AgRK0c  2018-02-21T21:53:50.000Z   
           JR_DmkV4Jlw  2014-07-25T22:15:03.000Z   
           6MxbegZtAII  2017-02-10T17:11:18.000Z   
           mK6IdD4GXPo  2015-12-29T19:05:20.000Z   
           CFHvNNcEIDo  2017-02-14T15:28:52.000Z   
           2B91UE0gHps  2017-02-14T15:28:51.000Z   
           k_BVvupSChc  2018-02-21T21:54:28.000Z   
           U5DoJ_jCt7E  2018-02-21T21:46:38.000Z   
           3DyrDKYhSi8  2015-12-14T18:43:42.000Z   
           g17OHKBm50I  2018-02-21T21:48:18.000Z   
...                                          ...   
           OE3mguWXRRU  2018-08-29T12:11:48.000Z   
           5U6Cc1hmdY0  2015-12-18T15:51:53.000Z   
           fkxl1hSmb28  2016-04-24T08:22:28.000Z   
           iaemojsQDFw  2018-02-21T21:54:07.000Z   
           Dbvp5LxY6Kw  2017-09-25T16:00:02.000Z   
           gnK7Lg56DjI  2016-01-03T06:04:47.000Z   
           sfgTmRiGWWE  2018-02-11T20:44:06.000Z   
           sRVxPE1cguo  2016-02-02T21:04:07.000Z   
           LjQDLg_KuJg  2018-09-23T09:48:47.000Z   
           gxTkm3nwIQw  2016-06-26T12:02:46.000Z   
           KCLdryjDl6E  2017-02-10T17:11:16.000Z   
           5SDZA06wO44  2016-01-25T19:41:49.000Z   
           yY4gUvVYU8Q  2016-06-19T12:02:51.000Z   
           13kgrPyNTfY  2018-09-30T09:45:00.000Z   
           mxbfx7YXBIo  2018-02-22T09:05:14.000Z   
           iHOarnXZNqc  2017-10-15T10:28:24.000Z   
           IdRbCJzpIAM  2018-10-02T08:19:26.000Z   
           OiqnbYywGcI  2017-01-25T09:57:13.000Z   
           3_ZXhYD9QJg  2015-12-01T16:39:38.000Z   
           d_eaG5QcA_U  2015-05-25T21:18:34.000Z   
           TEQpfEb8vsE  2015-08-06T08:06:47.000Z   
           YPMD7iNZT24  2016-07-17T10:53:38.000Z   
           w-QoDqBMe2k  2017-02-10T19:55:43.000Z   
           m-9z9M9dsq0  2018-02-22T09:05:14.000Z   
           VxQ5R9-Jfm8  2018-01-24T20:39:47.000Z   
           68LGsvpn7vk  2018-01-17T23:18:07.000Z   
           q5Mc26ihCXc  2015-08-16T14:50:17.000Z   
           YTKgizpzmtQ  2014-07-23T18:55:49.000Z   
           NfpGHOu9TIY  2018-09-08T15:30:00.000Z   
           NfpGHOu9TIY  2018-09-08T15:30:00.000Z   

                                                                     Tags  \
Date       ID                                                               
2018-10-24 iuIisjRIcVI  TEDxTalks,English,Germany,Life,Achievement,Ant...   
           0qVOUD76JOg  TEDxTalks,English,Germany,Technology,AI,Art,Co...   
           D6_J7FfgWVc  TEDxTalks,English,Life,Community,Compassion,Em...   
           iq5SLf6xPFQ  TEDxTalks,English,Life,Career,Exploration,Life...   
           EJDpbsvWdsg  TEDxTalks,English,Germany,Entertainment,Aging,...   
           XnQHVXMhzBo  TEDxTalks,English,Germany,Entertainment,Medita...   
           WGPQM1J7Jcw  TEDxTalks,English,Science (hard),Exploration,P...   
           IDixuVrDABY  Business,Germany,ted x,ted,English,tedx,Career...   
           3Xpj5Gj9pgo  TEDxTalks,English,Germany,Social Science,Behav...   
           36186S-RsKY  TEDxTalks,English,Germany,Design,Classroom,Dat...   
           Zark1jrC7EU  ted,Health,tedx,ted x,Science (hard),tedx talk...   
           OKQ-mpv0tWI  TEDxTalks,English,Health,3D Technology,Entrepr...   
           Z2TQQhTx6EQ  TEDxTalks,English,Germany,Life,Choice,Compassi...   
           62aI5Oy4S4g  TEDxTalks,English,Global Issues,Activism,Caree...   
           ab_yh2HoJ7o  TEDxTalks,English,Germany,Technology,Aging,Bio...   
           3uLp0C6G__w  TEDxTalks,English,Germany,Science (hard),Anima...   
           -guxUgF_eTU  TEDxTalks,English,Germany,Entertainment,Art,Co...   
           NQ9uWbZ285Q  TEDxTalks,English,Germany,Education,Adventure,...   
           m4w-FV6eERI  TEDxTalks,English,Germany,Science (hard),Brain...   
           HCjBM23nQ0s  TEDxTalks,English,Germany,Technology,AI,Cognit...   
           0NDL0AgRK0c  TEDxTalks,English,Technology,Computers,Future,...   
           JR_DmkV4Jlw  English,Germany,Computer Science,ted talk,Life...   
           6MxbegZtAII  TEDxTalks,English,Germany,Art,Adventure,Arts e...   
           mK6IdD4GXPo  TEDxTalks,English,Germany,Global Issues,Activi...   
           CFHvNNcEIDo  TEDxTalks,English,Germany,Entertainment,Dance ...   
           2B91UE0gHps       TEDxTalks,English,Germany,Entertainment,Band   
           k_BVvupSChc  TEDxTalks,English,Science (hard),AIDS,Future,G...   
           U5DoJ_jCt7E  TEDxTalks,English,Technology,Elderly,Future,In...   
           3DyrDKYhSi8  TEDxTalks,English,Germany,Business,Communicati...   
           g17OHKBm50I  TEDxTalks,English,Technology,Computers,Design,...   
...                                                                   ...   
           OE3mguWXRRU                           TEDxTUM,slow motion,team   
           5U6Cc1hmdY0  TEDxTalks,English,Germany,Science (hard),Big p...   
           fkxl1hSmb28  ted,tedx,funny,comedy,sketch,tum,technische un...   
           iaemojsQDFw  TEDxTalks,English,Life,Cancer,Communication,Co...   
           Dbvp5LxY6Kw  tedx,ted talks,ted,carl sagan,technology,desig...   
           gnK7Lg56DjI  TEDxTalks,English,Germany,Health,Activism,Big ...   
           sfgTmRiGWWE        TEDx,TEDxTUM,TUM,Munich,Ideasworthspreading   
           sRVxPE1cguo  TEDxTalks,English,Germany,Art,Brand,Communicat...   
           LjQDLg_KuJg                tedxtum,tedx,talks,experience,event   
           gxTkm3nwIQw                                            N,O,N,E   
           KCLdryjDl6E  TEDxTalks,English,Germany,Education,Consciousn...   
           5SDZA06wO44  TEDxTalks,English,Germany,Entertainment,Art,Cr...   
           yY4gUvVYU8Q                                            N,O,N,E   
           13kgrPyNTfY  TEDxTUM,TEDx,Technology,Entertainment,Design,C...   
           mxbfx7YXBIo     tedx,tedxtum,comedy,performance,improv,ukulele   
           iHOarnXZNqc  ted talks,tedx,ideas,inspiration,tu munich,tum...   
           IdRbCJzpIAM                       TED,TEDxTUM,Music,Orchestral   
           OiqnbYywGcI        TEDx,TEDxTUM,TUM,Munich,ideasworthspreading   
           3_ZXhYD9QJg  TEDxTUM,TUM,TED,TEDx,FACETS,TEDxTUM2015,IdeasW...   
           d_eaG5QcA_U                                tedx,tu münchen,tum   
           TEQpfEb8vsE  TEDxTUM,TEDx,TUM,Technical University Of Munic...   
           YPMD7iNZT24  TED Talks,TEDx,Technische Universität München,...   
           w-QoDqBMe2k  TEDxTalks,English,Germany,Technology,3D Techno...   
           m-9z9M9dsq0  tedx,tedxtum,music,performance,poetry,violin,b...   
           VxQ5R9-Jfm8  Dokumentation,Doku,Dokumentarfilm,Reportage,TV...   
           68LGsvpn7vk           ted,tedx,ideas,ted talks,public speaking   
           q5Mc26ihCXc  TED,TEDx,TEDxTUM,TUM,Technical University Of M...   
           YTKgizpzmtQ  Humanities,ted,Social Justice,Sociology,Medici...   
           NfpGHOu9TIY  TEDxTalks,English,Art,Biology,Biomechanics,Cre...   
           NfpGHOu9TIY  TEDxTalks,English,Art,Biology,Biomechanics,Cre...   

                                                               Thumbnail  \
Date       ID                                                              
2018-10-24 iuIisjRIcVI  https://i.ytimg.com/vi/iuIisjRIcVI/mqdefault.jpg   
           0qVOUD76JOg  https://i.ytimg.com/vi/0qVOUD76JOg/mqdefault.jpg   
           D6_J7FfgWVc  https://i.ytimg.com/vi/D6_J7FfgWVc/mqdefault.jpg   
           iq5SLf6xPFQ  https://i.ytimg.com/vi/iq5SLf6xPFQ/mqdefault.jpg   
           EJDpbsvWdsg  https://i.ytimg.com/vi/EJDpbsvWdsg/mqdefault.jpg   
           XnQHVXMhzBo  https://i.ytimg.com/vi/XnQHVXMhzBo/mqdefault.jpg   
           WGPQM1J7Jcw  https://i.ytimg.com/vi/WGPQM1J7Jcw/mqdefault.jpg   
           IDixuVrDABY  https://i.ytimg.com/vi/IDixuVrDABY/mqdefault.jpg   
           3Xpj5Gj9pgo  https://i.ytimg.com/vi/3Xpj5Gj9pgo/mqdefault.jpg   
           36186S-RsKY  https://i.ytimg.com/vi/36186S-RsKY/mqdefault.jpg   
           Zark1jrC7EU  https://i.ytimg.com/vi/Zark1jrC7EU/mqdefault.jpg   
           OKQ-mpv0tWI  https://i.ytimg.com/vi/OKQ-mpv0tWI/mqdefault.jpg   
           Z2TQQhTx6EQ  https://i.ytimg.com/vi/Z2TQQhTx6EQ/mqdefault.jpg   
           62aI5Oy4S4g  https://i.ytimg.com/vi/62aI5Oy4S4g/mqdefault.jpg   
           ab_yh2HoJ7o  https://i.ytimg.com/vi/ab_yh2HoJ7o/mqdefault.jpg   
           3uLp0C6G__w  https://i.ytimg.com/vi/3uLp0C6G__w/mqdefault.jpg   
           -guxUgF_eTU  https://i.ytimg.com/vi/-guxUgF_eTU/mqdefault.jpg   
           NQ9uWbZ285Q  https://i.ytimg.com/vi/NQ9uWbZ285Q/mqdefault.jpg   
           m4w-FV6eERI  https://i.ytimg.com/vi/m4w-FV6eERI/mqdefault.jpg   
           HCjBM23nQ0s  https://i.ytimg.com/vi/HCjBM23nQ0s/mqdefault.jpg   
           0NDL0AgRK0c  https://i.ytimg.com/vi/0NDL0AgRK0c/mqdefault.jpg   
           JR_DmkV4Jlw  https://i.ytimg.com/vi/JR_DmkV4Jlw/mqdefault.jpg   
           6MxbegZtAII  https://i.ytimg.com/vi/6MxbegZtAII/mqdefault.jpg   
           mK6IdD4GXPo  https://i.ytimg.com/vi/mK6IdD4GXPo/mqdefault.jpg   
           CFHvNNcEIDo  https://i.ytimg.com/vi/CFHvNNcEIDo/mqdefault.jpg   
           2B91UE0gHps  https://i.ytimg.com/vi/2B91UE0gHps/mqdefault.jpg   
           k_BVvupSChc  https://i.ytimg.com/vi/k_BVvupSChc/mqdefault.jpg   
           U5DoJ_jCt7E  https://i.ytimg.com/vi/U5DoJ_jCt7E/mqdefault.jpg   
           3DyrDKYhSi8  https://i.ytimg.com/vi/3DyrDKYhSi8/mqdefault.jpg   
           g17OHKBm50I  https://i.ytimg.com/vi/g17OHKBm50I/mqdefault.jpg   
...                                                                  ...   
           OE3mguWXRRU  https://i.ytimg.com/vi/OE3mguWXRRU/mqdefault.jpg   
           5U6Cc1hmdY0  https://i.ytimg.com/vi/5U6Cc1hmdY0/mqdefault.jpg   
           fkxl1hSmb28  https://i.ytimg.com/vi/fkxl1hSmb28/mqdefault.jpg   
           iaemojsQDFw  https://i.ytimg.com/vi/iaemojsQDFw/mqdefault.jpg   
           Dbvp5LxY6Kw  https://i.ytimg.com/vi/Dbvp5LxY6Kw/mqdefault.jpg   
           gnK7Lg56DjI  https://i.ytimg.com/vi/gnK7Lg56DjI/mqdefault.jpg   
           sfgTmRiGWWE  https://i.ytimg.com/vi/sfgTmRiGWWE/mqdefault.jpg   
           sRVxPE1cguo  https://i.ytimg.com/vi/sRVxPE1cguo/mqdefault.jpg   
           LjQDLg_KuJg  https://i.ytimg.com/vi/LjQDLg_KuJg/mqdefault.jpg   
           gxTkm3nwIQw  https://i.ytimg.com/vi/gxTkm3nwIQw/mqdefault.jpg   
           KCLdryjDl6E  https://i.ytimg.com/vi/KCLdryjDl6E/mqdefault.jpg   
           5SDZA06wO44  https://i.ytimg.com/vi/5SDZA06wO44/mqdefault.jpg   
           yY4gUvVYU8Q  https://i.ytimg.com/vi/yY4gUvVYU8Q/mqdefault.jpg   
           13kgrPyNTfY  https://i.ytimg.com/vi/13kgrPyNTfY/mqdefault.jpg   
           mxbfx7YXBIo  https://i.ytimg.com/vi/mxbfx7YXBIo/mqdefault.jpg   
           iHOarnXZNqc  https://i.ytimg.com/vi/iHOarnXZNqc/mqdefault.jpg   
           IdRbCJzpIAM  https://i.ytimg.com/vi/IdRbCJzpIAM/mqdefault.jpg   
           OiqnbYywGcI  https://i.ytimg.com/vi/OiqnbYywGcI/mqdefault.jpg   
           3_ZXhYD9QJg  https://i.ytimg.com/vi/3_ZXhYD9QJg/mqdefault.jpg   
           d_eaG5QcA_U  https://i.ytimg.com/vi/d_eaG5QcA_U/mqdefault.jpg   
           TEQpfEb8vsE  https://i.ytimg.com/vi/TEQpfEb8vsE/mqdefault.jpg   
           YPMD7iNZT24  https://i.ytimg.com/vi/YPMD7iNZT24/mqdefault.jpg   
           w-QoDqBMe2k  https://i.ytimg.com/vi/w-QoDqBMe2k/mqdefault.jpg   
           m-9z9M9dsq0  https://i.ytimg.com/vi/m-9z9M9dsq0/mqdefault.jpg   
           VxQ5R9-Jfm8  https://i.ytimg.com/vi/VxQ5R9-Jfm8/mqdefault.jpg   
           68LGsvpn7vk  https://i.ytimg.com/vi/68LGsvpn7vk/mqdefault.jpg   
           q5Mc26ihCXc  https://i.ytimg.com/vi/q5Mc26ihCXc/mqdefault.jpg   
           YTKgizpzmtQ  https://i.ytimg.com/vi/YTKgizpzmtQ/mqdefault.jpg   
           NfpGHOu9TIY  https://i.ytimg.com/vi/NfpGHOu9TIY/mqdefault.jpg   
           NfpGHOu9TIY  https://i.ytimg.com/vi/NfpGHOu9TIY/mqdefault.jpg   

                                                                    Title  \
Date       ID                                                               
2018-10-24 iuIisjRIcVI  Motivate yourself with visions, goals and will...   
           0qVOUD76JOg   The art of neural networks | Mike Tyka | TEDxTUM   
           D6_J7FfgWVc  6 Steps to Improve Your Emotional Intelligence...   
           iq5SLf6xPFQ  Are you living the life you want to live? | Ta...   
           EJDpbsvWdsg  Born in Ireland, made in Germany | Mel Kelly |...   
           XnQHVXMhzBo                    Opus Epicus | Mandara | TEDxTUM   
           WGPQM1J7Jcw  What Is Inside a Neutron Star? | Laura Fabbiet...   
           IDixuVrDABY  How do we learn from failure? | Dean Shepherd ...   
           3Xpj5Gj9pgo  What virtual reality can tell us about human n...   
           36186S-RsKY  Why data should be over-the-counter | Jenny Ra...   
           Zark1jrC7EU  Personalized health -- harnessing the power of...   
           OKQ-mpv0tWI  The Perfect Fit - Individualized, Fashionable,...   
           Z2TQQhTx6EQ  What I do to live the life I want | Petra Dorf...   
           62aI5Oy4S4g  The Glue That Holds Society Together | Jürgen ...   
           ab_yh2HoJ7o  Building our future with synthetic biology | J...   
           3uLp0C6G__w  The fascinating intelligence of birds | August...   
           -guxUgF_eTU          Live Improv Theater | Bake This | TEDxTUM   
           NQ9uWbZ285Q  How to create passioneers | Steffie Limère | T...   
           m4w-FV6eERI  The potential of brain stimulation | Sandro Kr...   
           HCjBM23nQ0s  Robots that learn from us | Dongheui Lee | TED...   
           0NDL0AgRK0c  Deep Learning Beyond Cats and Dogs | Nils Thue...   
           JR_DmkV4Jlw   Design beyond the shape | Benoit Jacob | TEDxTUM   
           6MxbegZtAII  Create a universe out of a single line | Simon...   
           mK6IdD4GXPo  The time is now for a sustainable food revolut...   
           CFHvNNcEIDo  Contemporary & Jazz Dance | Alina Groder & Sun...   
           2B91UE0gHps      Acoustic Performance | Peak to Peak | TEDxTUM   
           k_BVvupSChc  HIV - Curing the Incurable | Daniel Aaron Dona...   
           U5DoJ_jCt7E  The Robotic Future of Elderly Care | Thomas Bo...   
           3DyrDKYhSi8  The natural way of managing leaders | Erik Rin...   
           g17OHKBm50I  Less queuing, more safety - the power of crowd...   
...                                                                   ...   
           OE3mguWXRRU                             Meet the TEDxTUM Team!   
           5U6Cc1hmdY0  A question of survival: Why we hunted the Higg...   
           fkxl1hSmb28                         The Speaker | TEDxTUM 2016   
           iaemojsQDFw  Laugh, Think, Cry, Laugh Again | Jessamyn Fair...   
           Dbvp5LxY6Kw                                Starstuff | TEDxTUM   
           gnK7Lg56DjI  How patient innovation improves lives | Pedro ...   
           sfgTmRiGWWE      TEDxTUM Re-Formations of Tomorrow Impressions   
           sRVxPE1cguo  Stick Up: The layers of tape art | Max Zorn an...   
           LjQDLg_KuJg                What you get from attending TEDxTUM   
           gxTkm3nwIQw                       finding eXpression | TEDxTUM   
           KCLdryjDl6E  Memory techniques - Your secret weapon in the ...   
           5SDZA06wO44  Contemporary Ballet | Munich International Bal...   
           yY4gUvVYU8Q                       finding eXcitement | TEDxTUM   
           13kgrPyNTfY                 TEDxTUM 2018: Conscious Reflection   
           mxbfx7YXBIo  TEDxTUM 2017 Ending | Jessamyn Fairfield's com...   
           iHOarnXZNqc           TEDxTUM 2017 - Re-formations of tomorrow   
           IdRbCJzpIAM         TEDxTUM: Conscious Reflection (Music only)   
           OiqnbYywGcI                     TEDxTUM: ENTELECHY Impressions   
           3_ZXhYD9QJg  Jenny Rankin Speed Lists all 50 US States | TE...   
           d_eaG5QcA_U                          Team Event | TEDxTUM 2015   
           TEQpfEb8vsE                       TEDxTUM 2015 Organizing Team   
           YPMD7iNZT24                      finding eXploration | TEDxTUM   
           w-QoDqBMe2k  Medical Augmented Reality: coming soon to (ope...   
           m-9z9M9dsq0  TEDxTUM 2017 Introduction - Re-Formations of T...   
           VxQ5R9-Jfm8  The fascinating intelligence of birds | August...   
           68LGsvpn7vk                Q&A Between Sessions | TEDxTUM 2017   
           q5Mc26ihCXc                              TEDxTUM 2015 - FACETS   
           YTKgizpzmtQ  There can be no human 2.0 without a humanity 2...   
           NfpGHOu9TIY  Science, art and the Big Bang | Judith Egger |...   
           NfpGHOu9TIY  Science, art and the Big Bang | Judith Egger |...   

                         Views  
Date       ID                   
2018-10-24 iuIisjRIcVI  259115  
           0qVOUD76JOg  209254  
           D6_J7FfgWVc  244065  
           iq5SLf6xPFQ  214719  
           EJDpbsvWdsg  121551  
           XnQHVXMhzBo   12805  
           WGPQM1J7Jcw    4132  
           IDixuVrDABY   16420  
           3Xpj5Gj9pgo    2420  
           36186S-RsKY   10420  
           Zark1jrC7EU    2331  
           OKQ-mpv0tWI     675  
           Z2TQQhTx6EQ    2105  
           62aI5Oy4S4g    1273  
           ab_yh2HoJ7o    3079  
           3uLp0C6G__w   87221  
           -guxUgF_eTU    6245  
           NQ9uWbZ285Q    2600  
           m4w-FV6eERI    2538  
           HCjBM23nQ0s    5415  
           0NDL0AgRK0c     820  
           JR_DmkV4Jlw    5209  
           6MxbegZtAII     873  
           mK6IdD4GXPo   65804  
           CFHvNNcEIDo     764  
           2B91UE0gHps     509  
           k_BVvupSChc   15319  
           U5DoJ_jCt7E     914  
           3DyrDKYhSi8   10388  
           g17OHKBm50I     326  
...                        ...  
           OE3mguWXRRU      52  
           5U6Cc1hmdY0    4189  
           fkxl1hSmb28     993  
           iaemojsQDFw     885  
           Dbvp5LxY6Kw      99  
           gnK7Lg56DjI    1718  
           sfgTmRiGWWE     116  
           sRVxPE1cguo    6830  
           LjQDLg_KuJg     184  
           gxTkm3nwIQw     906  
           KCLdryjDl6E  356710  
           5SDZA06wO44    1954  
           yY4gUvVYU8Q     233  
           13kgrPyNTfY     802  
           mxbfx7YXBIo     254  
           iHOarnXZNqc     718  
           IdRbCJzpIAM       7  
           OiqnbYywGcI    1344  
           3_ZXhYD9QJg     329  
           d_eaG5QcA_U     165  
           TEQpfEb8vsE     510  
           YPMD7iNZT24     248  
           w-QoDqBMe2k    6269  
           m-9z9M9dsq0     263  
           VxQ5R9-Jfm8      27  
           68LGsvpn7vk     109  
           q5Mc26ihCXc     399  
           YTKgizpzmtQ    2373  
           NfpGHOu9TIY     475  
           NfpGHOu9TIY     475  

[71 rows x 9 columns],), {}
2018-10-24 08:26:24,695 INFO Saving data ...
2018-10-24 08:26:24,702 INFO ...done!
2018-10-24 08:26:24,702 INFO Saving config ...
2018-10-24 08:26:24,703 INFO ...done!
